This is pdfTeX, Version 3.14159265-2.6-1.40.16 (TeX Live 2015/Debian) (preloaded format=pdflatex 2016.8.1)  21 DEC 2016 22:47
entering extended mode
 restricted \write18 enabled.
 %&-line parsing enabled.
**print.tex
(./print.tex
LaTeX2e <2016/02/01>
Babel <3.9q> and hyphenation patterns for 3 language(s) loaded.
(/usr/share/texlive/texmf-dist/tex/latex/base/article.cls
Document Class: article 2014/09/29 v1.4h Standard LaTeX document class
(/usr/share/texlive/texmf-dist/tex/latex/base/size10.clo
File: size10.clo 2014/09/29 v1.4h Standard LaTeX file (size option)
)
\c@part=\count79
\c@section=\count80
\c@subsection=\count81
\c@subsubsection=\count82
\c@paragraph=\count83
\c@subparagraph=\count84
\c@figure=\count85
\c@table=\count86
\abovecaptionskip=\skip41
\belowcaptionskip=\skip42
\bibindent=\dimen102
)
(/usr/share/texlive/texmf-dist/tex/latex/graphics/graphicx.sty
Package: graphicx 2014/10/28 v1.0g Enhanced LaTeX Graphics (DPC,SPQR)

(/usr/share/texlive/texmf-dist/tex/latex/graphics/keyval.sty
Package: keyval 2014/10/28 v1.15 key=value parser (DPC)
\KV@toks@=\toks14
)
(/usr/share/texlive/texmf-dist/tex/latex/graphics/graphics.sty
Package: graphics 2016/01/03 v1.0q Standard LaTeX Graphics (DPC,SPQR)

(/usr/share/texlive/texmf-dist/tex/latex/graphics/trig.sty
Package: trig 2016/01/03 v1.10 sin cos tan (DPC)
)
(/usr/share/texlive/texmf-dist/tex/latex/latexconfig/graphics.cfg
File: graphics.cfg 2010/04/23 v1.9 graphics configuration of TeX Live
)
Package graphics Info: Driver file: pdftex.def on input line 95.

(/usr/share/texlive/texmf-dist/tex/latex/pdftex-def/pdftex.def
File: pdftex.def 2011/05/27 v0.06d Graphics/color for pdfTeX

(/usr/share/texlive/texmf-dist/tex/generic/oberdiek/infwarerr.sty
Package: infwarerr 2010/04/08 v1.3 Providing info/warning/error messages (HO)
)
(/usr/share/texlive/texmf-dist/tex/generic/oberdiek/ltxcmds.sty
Package: ltxcmds 2011/11/09 v1.22 LaTeX kernel commands for general use (HO)
)
\Gread@gobject=\count87
))
\Gin@req@height=\dimen103
\Gin@req@width=\dimen104
)
(/usr/share/texlive/texmf-dist/tex/latex/subfigure/subfigure.sty
Package: subfigure 2002/03/15 v2.1.5 subfigure package
\subfigtopskip=\skip43
\subfigcapskip=\skip44
\subfigcaptopadj=\dimen105
\subfigbottomskip=\skip45
\subfigcapmargin=\dimen106
\subfiglabelskip=\skip46
\c@subfigure=\count88
\c@lofdepth=\count89
\c@subtable=\count90
\c@lotdepth=\count91

****************************************
* Local config file subfigure.cfg used *
****************************************
(/usr/share/texlive/texmf-dist/tex/latex/subfigure/subfigure.cfg)
\subfig@top=\skip47
\subfig@bottom=\skip48
)
\bottomMargin=\skip49
 (./print.aux

LaTeX Warning: Label `fig:game_board' multiply defined.

)
\openout1 = `print.aux'.

LaTeX Font Info:    Checking defaults for OML/cmm/m/it on input line 29.
LaTeX Font Info:    ... okay on input line 29.
LaTeX Font Info:    Checking defaults for T1/cmr/m/n on input line 29.
LaTeX Font Info:    ... okay on input line 29.
LaTeX Font Info:    Checking defaults for OT1/cmr/m/n on input line 29.
LaTeX Font Info:    ... okay on input line 29.
LaTeX Font Info:    Checking defaults for OMS/cmsy/m/n on input line 29.
LaTeX Font Info:    ... okay on input line 29.
LaTeX Font Info:    Checking defaults for OMX/cmex/m/n on input line 29.
LaTeX Font Info:    ... okay on input line 29.
LaTeX Font Info:    Checking defaults for U/cmr/m/n on input line 29.
LaTeX Font Info:    ... okay on input line 29.
 (/usr/share/texlive/texmf-dist/tex/context/base/supp-pdf.mkii
[Loading MPS to PDF converter (version 2006.09.02).]
\scratchcounter=\count92
\scratchdimen=\dimen107
\scratchbox=\box26
\nofMPsegments=\count93
\nofMParguments=\count94
\everyMPshowfont=\toks15
\MPscratchCnt=\count95
\MPscratchDim=\dimen108
\MPnumerator=\count96
\makeMPintoPDFobject=\count97
\everyMPtoPDFconversion=\toks16
) (/usr/share/texlive/texmf-dist/tex/generic/oberdiek/pdftexcmds.sty
Package: pdftexcmds 2011/11/29 v0.20 Utility functions of pdfTeX for LuaTeX (HO
)

(/usr/share/texlive/texmf-dist/tex/generic/oberdiek/ifluatex.sty
Package: ifluatex 2010/03/01 v1.3 Provides the ifluatex switch (HO)
Package ifluatex Info: LuaTeX not detected.
)
(/usr/share/texlive/texmf-dist/tex/generic/oberdiek/ifpdf.sty
Package: ifpdf 2011/01/30 v2.3 Provides the ifpdf switch (HO)
Package ifpdf Info: pdfTeX in PDF mode is detected.
)
Package pdftexcmds Info: LuaTeX not detected.
Package pdftexcmds Info: \pdf@primitive is available.
Package pdftexcmds Info: \pdf@ifprimitive is available.
Package pdftexcmds Info: \pdfdraftmode found.
)
(/usr/share/texlive/texmf-dist/tex/latex/oberdiek/epstopdf-base.sty
Package: epstopdf-base 2010/02/09 v2.5 Base part for package epstopdf

(/usr/share/texlive/texmf-dist/tex/latex/oberdiek/grfext.sty
Package: grfext 2010/08/19 v1.1 Manage graphics extensions (HO)

(/usr/share/texlive/texmf-dist/tex/generic/oberdiek/kvdefinekeys.sty
Package: kvdefinekeys 2011/04/07 v1.3 Define keys (HO)
))
(/usr/share/texlive/texmf-dist/tex/latex/oberdiek/kvoptions.sty
Package: kvoptions 2011/06/30 v3.11 Key value format for package options (HO)

(/usr/share/texlive/texmf-dist/tex/generic/oberdiek/kvsetkeys.sty
Package: kvsetkeys 2012/04/25 v1.16 Key value parser (HO)

(/usr/share/texlive/texmf-dist/tex/generic/oberdiek/etexcmds.sty
Package: etexcmds 2011/02/16 v1.5 Avoid name clashes with e-TeX commands (HO)
Package etexcmds Info: Could not find \expanded.
(etexcmds)             That can mean that you are not using pdfTeX 1.50 or
(etexcmds)             that some package has redefined \expanded.
(etexcmds)             In the latter case, load this package earlier.
)))
Package grfext Info: Graphics extension search list:
(grfext)             [.png,.pdf,.jpg,.mps,.jpeg,.jbig2,.jb2,.PNG,.PDF,.JPG,.JPE
G,.JBIG2,.JB2,.eps]
(grfext)             \AppendGraphicsExtensions on input line 452.

(/usr/share/texlive/texmf-dist/tex/latex/latexconfig/epstopdf-sys.cfg
File: epstopdf-sys.cfg 2010/07/13 v1.3 Configuration of (r)epstopdf for TeX Liv
e
))
<../rules/png/doe_player_board.png, id=1, 597.23125pt x 845.1575pt>
File: ../rules/png/doe_player_board.png Graphic file (type png)

<use ../rules/png/doe_player_board.png>
Package pdftex.def Info: ../rules/png/doe_player_board.png used on input line 3
2.
(pdftex.def)             Requested size: 597.22978pt x 845.15544pt.


LaTeX Warning: Float too large for page by 26.89839pt on input line 36.

<../rules/png/doe_central_board.png, id=3, 597.23125pt x 845.1575pt>
File: ../rules/png/doe_central_board.png Graphic file (type png)

<use ../rules/png/doe_central_board.png>
Package pdftex.def Info: ../rules/png/doe_central_board.png used on input line 
38.
(pdftex.def)             Requested size: 597.22978pt x 845.15544pt.


LaTeX Warning: Float too large for page by 26.89839pt on input line 42.

<../rules/png/doe_tech_agriculture.png, id=4, 93.34875pt x 93.34875pt>
File: ../rules/png/doe_tech_agriculture.png Graphic file (type png)

<use ../rules/png/doe_tech_agriculture.png>
Package pdftex.def Info: ../rules/png/doe_tech_agriculture.png used on input li
ne 45.
(pdftex.def)             Requested size: 93.34851pt x 93.34851pt.

<../rules/png/doe_tech_cartography.png, id=5, 93.34875pt x 93.34875pt>
File: ../rules/png/doe_tech_cartography.png Graphic file (type png)

<use ../rules/png/doe_tech_cartography.png>
Package pdftex.def Info: ../rules/png/doe_tech_cartography.png used on input li
ne 48.
(pdftex.def)             Requested size: 93.34851pt x 93.34851pt.

<../rules/png/doe_tech_coal_mining.png, id=6, 93.34875pt x 93.34875pt>
File: ../rules/png/doe_tech_coal_mining.png Graphic file (type png)

<use ../rules/png/doe_tech_coal_mining.png>
Package pdftex.def Info: ../rules/png/doe_tech_coal_mining.png used on input li
ne 51.
(pdftex.def)             Requested size: 93.34851pt x 93.34851pt.

<../rules/png/doe_tech_copper_mining.png, id=7, 93.34875pt x 93.34875pt>
File: ../rules/png/doe_tech_copper_mining.png Graphic file (type png)

<use ../rules/png/doe_tech_copper_mining.png>
Package pdftex.def Info: ../rules/png/doe_tech_copper_mining.png used on input 
line 54.
(pdftex.def)             Requested size: 93.34851pt x 93.34851pt.

<../rules/png/doe_tech_fishing.png, id=8, 93.34875pt x 93.34875pt>
File: ../rules/png/doe_tech_fishing.png Graphic file (type png)

<use ../rules/png/doe_tech_fishing.png>
Package pdftex.def Info: ../rules/png/doe_tech_fishing.png used on input line 5
7.
(pdftex.def)             Requested size: 93.34851pt x 93.34851pt.


LaTeX Warning: `h' float specifier changed to `ht'.

File: ../rules/png/doe_tech_fishing.png Graphic file (type png)
<use ../rules/png/doe_tech_fishing.png>
Package pdftex.def Info: ../rules/png/doe_tech_fishing.png used on input line 6
3.
(pdftex.def)             Requested size: 93.34851pt x 93.34851pt.

<../rules/png/doe_tech_iron_mining.png, id=9, 93.34875pt x 93.34875pt>
File: ../rules/png/doe_tech_iron_mining.png Graphic file (type png)

<use ../rules/png/doe_tech_iron_mining.png>
Package pdftex.def Info: ../rules/png/doe_tech_iron_mining.png used on input li
ne 66.
(pdftex.def)             Requested size: 93.34851pt x 93.34851pt.

<../rules/png/doe_tech_irrigation.png, id=10, 93.34875pt x 93.34875pt>
File: ../rules/png/doe_tech_irrigation.png Graphic file (type png)

<use ../rules/png/doe_tech_irrigation.png>
Package pdftex.def Info: ../rules/png/doe_tech_irrigation.png used on input lin
e 69.
(pdftex.def)             Requested size: 93.34851pt x 93.34851pt.
File: ../rules/png/doe_tech_irrigation.png Graphic file (type png)

<use ../rules/png/doe_tech_irrigation.png>
Package pdftex.def Info: ../rules/png/doe_tech_irrigation.png used on input lin
e 72.
(pdftex.def)             Requested size: 93.34851pt x 93.34851pt.

<../rules/png/doe_tech_silver_mining.png, id=11, 93.34875pt x 93.34875pt>
File: ../rules/png/doe_tech_silver_mining.png Graphic file (type png)

<use ../rules/png/doe_tech_silver_mining.png>
Package pdftex.def Info: ../rules/png/doe_tech_silver_mining.png used on input 
line 75.
(pdftex.def)             Requested size: 93.34851pt x 93.34851pt.

<../rules/png/doe_tech_wheel.png, id=12, 93.34875pt x 93.34875pt>
File: ../rules/png/doe_tech_wheel.png Graphic file (type png)

<use ../rules/png/doe_tech_wheel.png>
Package pdftex.def Info: ../rules/png/doe_tech_wheel.png used on input line 81.

(pdftex.def)             Requested size: 93.34851pt x 93.34851pt.
File: ../rules/png/doe_tech_wheel.png Graphic file (type png)
 <use ../rules/png/doe_tech_wheel.png>
Package pdftex.def Info: ../rules/png/doe_tech_wheel.png used on input line 84.

(pdftex.def)             Requested size: 93.34851pt x 93.34851pt.

<../rules/png/doe_tech_currency.png, id=13, 93.34875pt x 93.34875pt>
File: ../rules/png/doe_tech_currency.png Graphic file (type png)

<use ../rules/png/doe_tech_currency.png>
Package pdftex.def Info: ../rules/png/doe_tech_currency.png used on input line 
87.
(pdftex.def)             Requested size: 93.34851pt x 93.34851pt.
File: ../rules/png/doe_tech_currency.png Graphic file (type png)

<use ../rules/png/doe_tech_currency.png>
Package pdftex.def Info: ../rules/png/doe_tech_currency.png used on input line 
90.
(pdftex.def)             Requested size: 93.34851pt x 93.34851pt.

<../rules/png/doe_tech_masonry.png, id=14, 93.34875pt x 93.34875pt>
File: ../rules/png/doe_tech_masonry.png Graphic file (type png)

<use ../rules/png/doe_tech_masonry.png>
Package pdftex.def Info: ../rules/png/doe_tech_masonry.png used on input line 9
3.
(pdftex.def)             Requested size: 93.34851pt x 93.34851pt.
File: ../rules/png/doe_tech_masonry.png Graphic file (type png)

<use ../rules/png/doe_tech_masonry.png>
Package pdftex.def Info: ../rules/png/doe_tech_masonry.png used on input line 9
9.
(pdftex.def)             Requested size: 93.34851pt x 93.34851pt.
File: ../rules/png/doe_tech_masonry.png Graphic file (type png)

<use ../rules/png/doe_tech_masonry.png>
Package pdftex.def Info: ../rules/png/doe_tech_masonry.png used on input line 1
02.
(pdftex.def)             Requested size: 93.34851pt x 93.34851pt.

<../rules/png/doe_tech_money_trade.png, id=15, 93.34875pt x 93.34875pt>
File: ../rules/png/doe_tech_money_trade.png Graphic file (type png)

<use ../rules/png/doe_tech_money_trade.png>
Package pdftex.def Info: ../rules/png/doe_tech_money_trade.png used on input li
ne 105.
(pdftex.def)             Requested size: 93.34851pt x 93.34851pt.

<../rules/png/doe_tech_pottery.png, id=16, 93.34875pt x 93.34875pt>
File: ../rules/png/doe_tech_pottery.png Graphic file (type png)

<use ../rules/png/doe_tech_pottery.png>
Package pdftex.def Info: ../rules/png/doe_tech_pottery.png used on input line 1
08.
(pdftex.def)             Requested size: 93.34851pt x 93.34851pt.
File: ../rules/png/doe_tech_pottery.png Graphic file (type png)

<use ../rules/png/doe_tech_pottery.png>
Package pdftex.def Info: ../rules/png/doe_tech_pottery.png used on input line 1
11.
(pdftex.def)             Requested size: 93.34851pt x 93.34851pt.

<../rules/png/doe_tech_production_trade.png, id=17, 93.34875pt x 93.34875pt>
File: ../rules/png/doe_tech_production_trade.png Graphic file (type png)

<use ../rules/png/doe_tech_production_trade.png>
Package pdftex.def Info: ../rules/png/doe_tech_production_trade.png used on inp
ut line 117.
(pdftex.def)             Requested size: 93.34851pt x 93.34851pt.

<../rules/png/doe_tech_science_trade.png, id=18, 93.34875pt x 93.34875pt>
File: ../rules/png/doe_tech_science_trade.png Graphic file (type png)

<use ../rules/png/doe_tech_science_trade.png>
Package pdftex.def Info: ../rules/png/doe_tech_science_trade.png used on input 
line 120.
(pdftex.def)             Requested size: 93.34851pt x 93.34851pt.

<../rules/png/doe_tech_writing.png, id=19, 93.34875pt x 93.34875pt>
File: ../rules/png/doe_tech_writing.png Graphic file (type png)

<use ../rules/png/doe_tech_writing.png>
Package pdftex.def Info: ../rules/png/doe_tech_writing.png used on input line 1
23.
(pdftex.def)             Requested size: 93.34851pt x 93.34851pt.
File: ../rules/png/doe_tech_writing.png Graphic file (type png)

<use ../rules/png/doe_tech_writing.png>
Package pdftex.def Info: ../rules/png/doe_tech_writing.png used on input line 1
26.
(pdftex.def)             Requested size: 93.34851pt x 93.34851pt.

<../rules/png/doe_tech_code_of_laws.png, id=20, 93.34875pt x 93.34875pt>
File: ../rules/png/doe_tech_code_of_laws.png Graphic file (type png)

<use ../rules/png/doe_tech_code_of_laws.png>
Package pdftex.def Info: ../rules/png/doe_tech_code_of_laws.png used on input l
ine 129.
(pdftex.def)             Requested size: 93.34851pt x 93.34851pt.
File: ../rules/png/doe_tech_code_of_laws.png Graphic file (type png)

<use ../rules/png/doe_tech_code_of_laws.png>
Package pdftex.def Info: ../rules/png/doe_tech_code_of_laws.png used on input l
ine 135.
(pdftex.def)             Requested size: 93.34851pt x 93.34851pt.

<../rules/png/doe_tech_monarchy.png, id=21, 93.34875pt x 93.34875pt>
File: ../rules/png/doe_tech_monarchy.png Graphic file (type png)

<use ../rules/png/doe_tech_monarchy.png>
Package pdftex.def Info: ../rules/png/doe_tech_monarchy.png used on input line 
138.
(pdftex.def)             Requested size: 93.34851pt x 93.34851pt.
File: ../rules/png/doe_tech_monarchy.png Graphic file (type png)

<use ../rules/png/doe_tech_monarchy.png>
Package pdftex.def Info: ../rules/png/doe_tech_monarchy.png used on input line 
141.
(pdftex.def)             Requested size: 93.34851pt x 93.34851pt.
File: ../rules/png/doe_tech_monarchy.png Graphic file (type png)

<use ../rules/png/doe_tech_monarchy.png>
Package pdftex.def Info: ../rules/png/doe_tech_monarchy.png used on input line 
144.
(pdftex.def)             Requested size: 93.34851pt x 93.34851pt.

<../rules/png/doe_tech_mysticism.png, id=22, 93.34875pt x 93.34875pt>
File: ../rules/png/doe_tech_mysticism.png Graphic file (type png)

<use ../rules/png/doe_tech_mysticism.png>
Package pdftex.def Info: ../rules/png/doe_tech_mysticism.png used on input line
 147.
(pdftex.def)             Requested size: 93.34851pt x 93.34851pt.
File: ../rules/png/doe_tech_mysticism.png Graphic file (type png)

<use ../rules/png/doe_tech_mysticism.png>
Package pdftex.def Info: ../rules/png/doe_tech_mysticism.png used on input line
 153.
(pdftex.def)             Requested size: 93.34851pt x 93.34851pt.

<../rules/png/doe_tech_philosophy.png, id=23, 93.34875pt x 93.34875pt>
File: ../rules/png/doe_tech_philosophy.png Graphic file (type png)

<use ../rules/png/doe_tech_philosophy.png>
Package pdftex.def Info: ../rules/png/doe_tech_philosophy.png used on input lin
e 156.
(pdftex.def)             Requested size: 93.34851pt x 93.34851pt.

<../rules/png/doe_tech_polytheism.png, id=24, 93.34875pt x 93.34875pt>
File: ../rules/png/doe_tech_polytheism.png Graphic file (type png)

<use ../rules/png/doe_tech_polytheism.png>
Package pdftex.def Info: ../rules/png/doe_tech_polytheism.png used on input lin
e 159.
(pdftex.def)             Requested size: 93.34851pt x 93.34851pt.
File: ../rules/png/doe_tech_polytheism.png Graphic file (type png)

<use ../rules/png/doe_tech_polytheism.png>
Package pdftex.def Info: ../rules/png/doe_tech_polytheism.png used on input lin
e 162.
(pdftex.def)             Requested size: 93.34851pt x 93.34851pt.

<../rules/png/doe_tech_theology.png, id=25, 93.34875pt x 93.34875pt>
File: ../rules/png/doe_tech_theology.png Graphic file (type png)

<use ../rules/png/doe_tech_theology.png>
Package pdftex.def Info: ../rules/png/doe_tech_theology.png used on input line 
165.
(pdftex.def)             Requested size: 93.34851pt x 93.34851pt.
File: ../rules/png/doe_tech_theology.png Graphic file (type png)

<use ../rules/png/doe_tech_theology.png>
Package pdftex.def Info: ../rules/png/doe_tech_theology.png used on input line 
171.
(pdftex.def)             Requested size: 93.34851pt x 93.34851pt.

<../rules/png/doe_tech_horseback_riding.png, id=26, 93.34875pt x 93.34875pt>
File: ../rules/png/doe_tech_horseback_riding.png Graphic file (type png)

<use ../rules/png/doe_tech_horseback_riding.png>
Package pdftex.def Info: ../rules/png/doe_tech_horseback_riding.png used on inp
ut line 174.
(pdftex.def)             Requested size: 93.34851pt x 93.34851pt.
File: ../rules/png/doe_tech_horseback_riding.png Graphic file (type png)

<use ../rules/png/doe_tech_horseback_riding.png>
Package pdftex.def Info: ../rules/png/doe_tech_horseback_riding.png used on inp
ut line 177.
(pdftex.def)             Requested size: 93.34851pt x 93.34851pt.

<../rules/png/doe_tech_iron_working.png, id=27, 93.34875pt x 93.34875pt>
File: ../rules/png/doe_tech_iron_working.png Graphic file (type png)

<use ../rules/png/doe_tech_iron_working.png>
Package pdftex.def Info: ../rules/png/doe_tech_iron_working.png used on input l
ine 180.
(pdftex.def)             Requested size: 93.34851pt x 93.34851pt.
File: ../rules/png/doe_tech_iron_working.png Graphic file (type png)

<use ../rules/png/doe_tech_iron_working.png>
Package pdftex.def Info: ../rules/png/doe_tech_iron_working.png used on input l
ine 183.
(pdftex.def)             Requested size: 93.34851pt x 93.34851pt.

<../rules/png/doe_tech_military_tactics.png, id=28, 93.34875pt x 93.34875pt>
File: ../rules/png/doe_tech_military_tactics.png Graphic file (type png)

<use ../rules/png/doe_tech_military_tactics.png>
Package pdftex.def Info: ../rules/png/doe_tech_military_tactics.png used on inp
ut line 189.
(pdftex.def)             Requested size: 93.34851pt x 93.34851pt.
File: ../rules/png/doe_tech_military_tactics.png Graphic file (type png)

<use ../rules/png/doe_tech_military_tactics.png>
Package pdftex.def Info: ../rules/png/doe_tech_military_tactics.png used on inp
ut line 192.
(pdftex.def)             Requested size: 93.34851pt x 93.34851pt.

<../rules/png/doe_tech_militia.png, id=29, 93.34875pt x 93.34875pt>
File: ../rules/png/doe_tech_militia.png Graphic file (type png)

<use ../rules/png/doe_tech_militia.png>
Package pdftex.def Info: ../rules/png/doe_tech_militia.png used on input line 1
95.
(pdftex.def)             Requested size: 93.34851pt x 93.34851pt.
File: ../rules/png/doe_tech_militia.png Graphic file (type png)

<use ../rules/png/doe_tech_militia.png>
Package pdftex.def Info: ../rules/png/doe_tech_militia.png used on input line 1
98.
(pdftex.def)             Requested size: 93.34851pt x 93.34851pt.

<../rules/png/doe_tech_sailing.png, id=30, 93.34875pt x 93.34875pt>
File: ../rules/png/doe_tech_sailing.png Graphic file (type png)

<use ../rules/png/doe_tech_sailing.png>
Package pdftex.def Info: ../rules/png/doe_tech_sailing.png used on input line 2
01.
(pdftex.def)             Requested size: 93.34851pt x 93.34851pt.
File: ../rules/png/doe_tech_sailing.png Graphic file (type png)

<use ../rules/png/doe_tech_sailing.png>
Package pdftex.def Info: ../rules/png/doe_tech_sailing.png used on input line 2
07.
(pdftex.def)             Requested size: 93.34851pt x 93.34851pt.
File: ../rules/png/doe_tech_sailing.png Graphic file (type png)

<use ../rules/png/doe_tech_sailing.png>
Package pdftex.def Info: ../rules/png/doe_tech_sailing.png used on input line 2
10.
(pdftex.def)             Requested size: 93.34851pt x 93.34851pt.
File: ../rules/png/doe_tech_sailing.png Graphic file (type png)

<use ../rules/png/doe_tech_sailing.png>
Package pdftex.def Info: ../rules/png/doe_tech_sailing.png used on input line 2
13.
(pdftex.def)             Requested size: 93.34851pt x 93.34851pt.

<../rules/png/doe_wonder_colossus.png, id=31, 93.34875pt x 93.34875pt>
File: ../rules/png/doe_wonder_colossus.png Graphic file (type png)

<use ../rules/png/doe_wonder_colossus.png>
Package pdftex.def Info: ../rules/png/doe_wonder_colossus.png used on input lin
e 216.
(pdftex.def)             Requested size: 93.34851pt x 93.34851pt.

<../rules/png/doe_wonder_great_library.png, id=32, 93.34875pt x 93.34875pt>
File: ../rules/png/doe_wonder_great_library.png Graphic file (type png)

<use ../rules/png/doe_wonder_great_library.png>
Package pdftex.def Info: ../rules/png/doe_wonder_great_library.png used on inpu
t line 219.
(pdftex.def)             Requested size: 93.34851pt x 93.34851pt.

<../rules/png/doe_wonder_great_lighthouse.png, id=33, 93.34875pt x 93.34875pt>
File: ../rules/png/doe_wonder_great_lighthouse.png Graphic file (type png)

<use ../rules/png/doe_wonder_great_lighthouse.png>
Package pdftex.def Info: ../rules/png/doe_wonder_great_lighthouse.png used on i
nput line 225.
(pdftex.def)             Requested size: 93.34851pt x 93.34851pt.

<../rules/png/doe_wonder_great_wall.png, id=34, 93.34875pt x 93.34875pt>
File: ../rules/png/doe_wonder_great_wall.png Graphic file (type png)

<use ../rules/png/doe_wonder_great_wall.png>
Package pdftex.def Info: ../rules/png/doe_wonder_great_wall.png used on input l
ine 228.
(pdftex.def)             Requested size: 93.34851pt x 93.34851pt.

<../rules/png/doe_wonder_hanging_gardens.png, id=35, 93.34875pt x 93.34875pt>
File: ../rules/png/doe_wonder_hanging_gardens.png Graphic file (type png)

<use ../rules/png/doe_wonder_hanging_gardens.png>
Package pdftex.def Info: ../rules/png/doe_wonder_hanging_gardens.png used on in
put line 231.
(pdftex.def)             Requested size: 93.34851pt x 93.34851pt.

<../rules/png/doe_wonder_oracle.png, id=36, 93.34875pt x 93.34875pt>
File: ../rules/png/doe_wonder_oracle.png Graphic file (type png)

<use ../rules/png/doe_wonder_oracle.png>
Package pdftex.def Info: ../rules/png/doe_wonder_oracle.png used on input line 
234.
(pdftex.def)             Requested size: 93.34851pt x 93.34851pt.

<../rules/png/doe_wonder_pyramids.png, id=37, 93.34875pt x 93.34875pt>
File: ../rules/png/doe_wonder_pyramids.png Graphic file (type png)

<use ../rules/png/doe_wonder_pyramids.png>
Package pdftex.def Info: ../rules/png/doe_wonder_pyramids.png used on input lin
e 237.
(pdftex.def)             Requested size: 93.34851pt x 93.34851pt.

<../rules/png/doe_wonder_temple_of_mars.png, id=38, 93.34875pt x 93.34875pt>
File: ../rules/png/doe_wonder_temple_of_mars.png Graphic file (type png)

<use ../rules/png/doe_wonder_temple_of_mars.png>
Package pdftex.def Info: ../rules/png/doe_wonder_temple_of_mars.png used on inp
ut line 243.
(pdftex.def)             Requested size: 93.34851pt x 93.34851pt.

<../rules/png/doe_wonder_tomb_of_midas.png, id=39, 93.34875pt x 93.34875pt>
File: ../rules/png/doe_wonder_tomb_of_midas.png Graphic file (type png)

<use ../rules/png/doe_wonder_tomb_of_midas.png>
Package pdftex.def Info: ../rules/png/doe_wonder_tomb_of_midas.png used on inpu
t line 246.
(pdftex.def)             Requested size: 93.34851pt x 93.34851pt.

<../rules/png/doe_building_workshop.png, id=40, 65.24374pt x 65.24374pt>
File: ../rules/png/doe_building_workshop.png Graphic file (type png)

<use ../rules/png/doe_building_workshop.png>
Package pdftex.def Info: ../rules/png/doe_building_workshop.png used on input l
ine 249.
(pdftex.def)             Requested size: 65.24358pt x 65.24358pt.

<../rules/png/doe_building_barracks.png, id=41, 65.24374pt x 65.24374pt>
File: ../rules/png/doe_building_barracks.png Graphic file (type png)

<use ../rules/png/doe_building_barracks.png>
Package pdftex.def Info: ../rules/png/doe_building_barracks.png used on input l
ine 255.
(pdftex.def)             Requested size: 65.24358pt x 65.24358pt.
File: ../rules/png/doe_building_barracks.png Graphic file (type png)

<use ../rules/png/doe_building_barracks.png>
Package pdftex.def Info: ../rules/png/doe_building_barracks.png used on input l
ine 258.
(pdftex.def)             Requested size: 65.24358pt x 65.24358pt.
File: ../rules/png/doe_building_barracks.png Graphic file (type png)

<use ../rules/png/doe_building_barracks.png>
Package pdftex.def Info: ../rules/png/doe_building_barracks.png used on input l
ine 261.
(pdftex.def)             Requested size: 65.24358pt x 65.24358pt.
File: ../rules/png/doe_building_barracks.png Graphic file (type png)

<use ../rules/png/doe_building_barracks.png>
Package pdftex.def Info: ../rules/png/doe_building_barracks.png used on input l
ine 264.
(pdftex.def)             Requested size: 65.24358pt x 65.24358pt.

<../rules/png/doe_building_court.png, id=42, 65.24374pt x 65.24374pt>
File: ../rules/png/doe_building_court.png Graphic file (type png)

<use ../rules/png/doe_building_court.png>
Package pdftex.def Info: ../rules/png/doe_building_court.png used on input line
 267.
(pdftex.def)             Requested size: 65.24358pt x 65.24358pt.
File: ../rules/png/doe_building_court.png Graphic file (type png)

<use ../rules/png/doe_building_court.png>
Package pdftex.def Info: ../rules/png/doe_building_court.png used on input line
 270.
(pdftex.def)             Requested size: 65.24358pt x 65.24358pt.

<../rules/png/doe_building_granary.png, id=43, 65.24374pt x 65.24374pt>
File: ../rules/png/doe_building_granary.png Graphic file (type png)

<use ../rules/png/doe_building_granary.png>
Package pdftex.def Info: ../rules/png/doe_building_granary.png used on input li
ne 273.
(pdftex.def)             Requested size: 65.24358pt x 65.24358pt.
File: ../rules/png/doe_building_granary.png Graphic file (type png)

<use ../rules/png/doe_building_granary.png>
Package pdftex.def Info: ../rules/png/doe_building_granary.png used on input li
ne 276.
(pdftex.def)             Requested size: 65.24358pt x 65.24358pt.

<../rules/png/doe_building_library.png, id=44, 65.24374pt x 65.24374pt>
File: ../rules/png/doe_building_library.png Graphic file (type png)

<use ../rules/png/doe_building_library.png>
Package pdftex.def Info: ../rules/png/doe_building_library.png used on input li
ne 282.
(pdftex.def)             Requested size: 65.24358pt x 65.24358pt.
File: ../rules/png/doe_building_library.png Graphic file (type png)

<use ../rules/png/doe_building_library.png>
Package pdftex.def Info: ../rules/png/doe_building_library.png used on input li
ne 285.
(pdftex.def)             Requested size: 65.24358pt x 65.24358pt.

<../rules/png/doe_building_market.png, id=45, 65.24374pt x 65.24374pt>
File: ../rules/png/doe_building_market.png Graphic file (type png)

<use ../rules/png/doe_building_market.png>
Package pdftex.def Info: ../rules/png/doe_building_market.png used on input lin
e 288.
(pdftex.def)             Requested size: 65.24358pt x 65.24358pt.
File: ../rules/png/doe_building_market.png Graphic file (type png)

<use ../rules/png/doe_building_market.png>
Package pdftex.def Info: ../rules/png/doe_building_market.png used on input lin
e 291.
(pdftex.def)             Requested size: 65.24358pt x 65.24358pt.

<../rules/png/doe_building_palace.png, id=46, 65.24374pt x 65.24374pt>
File: ../rules/png/doe_building_palace.png Graphic file (type png)

<use ../rules/png/doe_building_palace.png>
Package pdftex.def Info: ../rules/png/doe_building_palace.png used on input lin
e 294.
(pdftex.def)             Requested size: 65.24358pt x 65.24358pt.
File: ../rules/png/doe_building_palace.png Graphic file (type png)

<use ../rules/png/doe_building_palace.png>
Package pdftex.def Info: ../rules/png/doe_building_palace.png used on input lin
e 297.
(pdftex.def)             Requested size: 65.24358pt x 65.24358pt.
File: ../rules/png/doe_building_palace.png Graphic file (type png)

<use ../rules/png/doe_building_palace.png>
Package pdftex.def Info: ../rules/png/doe_building_palace.png used on input lin
e 300.
(pdftex.def)             Requested size: 65.24358pt x 65.24358pt.

<../rules/png/doe_building_temple.png, id=47, 65.24374pt x 65.24374pt>
File: ../rules/png/doe_building_temple.png Graphic file (type png)

<use ../rules/png/doe_building_temple.png>
Package pdftex.def Info: ../rules/png/doe_building_temple.png used on input lin
e 303.
(pdftex.def)             Requested size: 65.24358pt x 65.24358pt.
File: ../rules/png/doe_building_temple.png Graphic file (type png)

<use ../rules/png/doe_building_temple.png>
Package pdftex.def Info: ../rules/png/doe_building_temple.png used on input lin
e 309.
(pdftex.def)             Requested size: 65.24358pt x 65.24358pt.
File: ../rules/png/doe_building_temple.png Graphic file (type png)

<use ../rules/png/doe_building_temple.png>
Package pdftex.def Info: ../rules/png/doe_building_temple.png used on input lin
e 312.
(pdftex.def)             Requested size: 65.24358pt x 65.24358pt.
File: ../rules/png/doe_building_temple.png Graphic file (type png)

<use ../rules/png/doe_building_temple.png>
Package pdftex.def Info: ../rules/png/doe_building_temple.png used on input lin
e 315.
(pdftex.def)             Requested size: 65.24358pt x 65.24358pt.

<../rules/png/doe_building_walls.png, id=48, 65.24374pt x 65.24374pt>
File: ../rules/png/doe_building_walls.png Graphic file (type png)

<use ../rules/png/doe_building_walls.png>
Package pdftex.def Info: ../rules/png/doe_building_walls.png used on input line
 318.
(pdftex.def)             Requested size: 65.24358pt x 65.24358pt.
File: ../rules/png/doe_building_walls.png Graphic file (type png)

<use ../rules/png/doe_building_walls.png>
Package pdftex.def Info: ../rules/png/doe_building_walls.png used on input line
 321.
(pdftex.def)             Requested size: 65.24358pt x 65.24358pt.
File: ../rules/png/doe_building_walls.png Graphic file (type png)

<use ../rules/png/doe_building_walls.png>
Package pdftex.def Info: ../rules/png/doe_building_walls.png used on input line
 324.
(pdftex.def)             Requested size: 65.24358pt x 65.24358pt.
File: ../rules/png/doe_building_workshop.png Graphic file (type png)

<use ../rules/png/doe_building_workshop.png>
Package pdftex.def Info: ../rules/png/doe_building_workshop.png used on input l
ine 327.
(pdftex.def)             Requested size: 65.24358pt x 65.24358pt.
File: ../rules/png/doe_building_workshop.png Graphic file (type png)

<use ../rules/png/doe_building_workshop.png>
Package pdftex.def Info: ../rules/png/doe_building_workshop.png used on input l
ine 330.
(pdftex.def)             Requested size: 65.24358pt x 65.24358pt.
 [1{/var/lib/texmf/fonts/map/pdftex/updmap/pdftex.map} <../rules/png/doe_player
_board.png>] [2 <../rules/png/doe_central_board.png>] [3 <../rules/png/doe_tech
_agriculture.png> <../rules/png/doe_tech_cartography.png> <../rules/png/doe_tec
h_coal_mining.png> <../rules/png/doe_tech_copper_mining.png> <../rules/png/doe_
tech_fishing.png> <../rules/png/doe_tech_iron_mining.png> <../rules/png/doe_tec
h_irrigation.png> <../rules/png/doe_tech_silver_mining.png> <../rules/png/doe_t
ech_wheel.png> <../rules/png/doe_tech_currency.png> <../rules/png/doe_tech_maso
nry.png> <../rules/png/doe_tech_money_trade.png> <../rules/png/doe_tech_pottery
.png> <../rules/png/doe_tech_production_trade.png> <../rules/png/doe_tech_scien
ce_trade.png> <../rules/png/doe_tech_writing.png> <../rules/png/doe_tech_code_o
f_laws.png> <../rules/png/doe_tech_monarchy.png> <../rules/png/doe_tech_mystici
sm.png> <../rules/png/doe_tech_philosophy.png> <../rules/png/doe_tech_polytheis
m.png> <../rules/png/doe_tech_theology.png>] [4 <../rules/png/doe_tech_horsebac
k_riding.png> <../rules/png/doe_tech_iron_working.png> <../rules/png/doe_tech_m
ilitary_tactics.png> <../rules/png/doe_tech_militia.png> <../rules/png/doe_tech
_sailing.png> <../rules/png/doe_wonder_colossus.png> <../rules/png/doe_wonder_g
reat_library.png> <../rules/png/doe_wonder_great_lighthouse.png> <../rules/png/
doe_wonder_great_wall.png> <../rules/png/doe_wonder_hanging_gardens.png> <../ru
les/png/doe_wonder_oracle.png> <../rules/png/doe_wonder_pyramids.png> <../rules
/png/doe_wonder_temple_of_mars.png> <../rules/png/doe_wonder_tomb_of_midas.png>
 <../rules/png/doe_building_workshop.png> <../rules/png/doe_building_barracks.p
ng> <../rules/png/doe_building_court.png> <../rules/png/doe_building_granary.pn
g> <../rules/png/doe_building_library.png> <../rules/png/doe_building_market.pn
g> <../rules/png/doe_building_palace.png> <../rules/png/doe_building_temple.png
> <../rules/png/doe_building_walls.png>] (./print.aux)

LaTeX Warning: There were multiply-defined labels.

 ) 
Here is how much of TeX's memory you used:
 1857 strings out of 494953
 32033 string characters out of 6180978
 85535 words of memory out of 5000000
 5109 multiletter control sequences out of 15000+600000
 3640 words of font info for 14 fonts, out of 8000000 for 9000
 14 hyphenation exceptions out of 8191
 38i,6n,24p,239b,221s stack positions out of 5000i,500n,10000p,200000b,80000s
</usr/share/texlive/texmf-dist/fonts/type1/public/amsfonts/cm/cmr10.pfb>
Output written on print.pdf (4 pages, 813642 bytes).
PDF statistics:
 116 PDF objects out of 1000 (max. 8388607)
 14 compressed objects within 1 object stream
 0 named destinations out of 1000 (max. 500000)
 236 words of extra memory for PDF output out of 10000 (max. 10000000)

