This is pdfTeX, Version 3.14159265-2.6-1.40.16 (TeX Live 2015/Debian) (preloaded format=pdflatex 2016.8.1)  2 NOV 2016 22:39
entering extended mode
 restricted \write18 enabled.
 %&-line parsing enabled.
**rules.tex
(./rules.tex
LaTeX2e <2016/02/01>
Babel <3.9q> and hyphenation patterns for 3 language(s) loaded.
(/usr/share/texlive/texmf-dist/tex/latex/base/article.cls
Document Class: article 2014/09/29 v1.4h Standard LaTeX document class
(/usr/share/texlive/texmf-dist/tex/latex/base/size11.clo
File: size11.clo 2014/09/29 v1.4h Standard LaTeX file (size option)
)
\c@part=\count79
\c@section=\count80
\c@subsection=\count81
\c@subsubsection=\count82
\c@paragraph=\count83
\c@subparagraph=\count84
\c@figure=\count85
\c@table=\count86
\abovecaptionskip=\skip41
\belowcaptionskip=\skip42
\bibindent=\dimen102
)
(/usr/share/texlive/texmf-dist/tex/latex/geometry/geometry.sty
Package: geometry 2010/09/12 v5.6 Page Geometry

(/usr/share/texlive/texmf-dist/tex/latex/graphics/keyval.sty
Package: keyval 2014/10/28 v1.15 key=value parser (DPC)
\KV@toks@=\toks14
)
(/usr/share/texlive/texmf-dist/tex/generic/oberdiek/ifpdf.sty
Package: ifpdf 2011/01/30 v2.3 Provides the ifpdf switch (HO)
Package ifpdf Info: pdfTeX in PDF mode is detected.
)
(/usr/share/texlive/texmf-dist/tex/generic/oberdiek/ifvtex.sty
Package: ifvtex 2010/03/01 v1.5 Detect VTeX and its facilities (HO)
Package ifvtex Info: VTeX not detected.
)
(/usr/share/texlive/texmf-dist/tex/generic/ifxetex/ifxetex.sty
Package: ifxetex 2010/09/12 v0.6 Provides ifxetex conditional
)
\Gm@cnth=\count87
\Gm@cntv=\count88
\c@Gm@tempcnt=\count89
\Gm@bindingoffset=\dimen103
\Gm@wd@mp=\dimen104
\Gm@odd@mp=\dimen105
\Gm@even@mp=\dimen106
\Gm@layoutwidth=\dimen107
\Gm@layoutheight=\dimen108
\Gm@layouthoffset=\dimen109
\Gm@layoutvoffset=\dimen110
\Gm@dimlist=\toks15
)
(/usr/share/texlive/texmf-dist/tex/latex/base/inputenc.sty
Package: inputenc 2015/03/17 v1.2c Input encoding file
\inpenc@prehook=\toks16
\inpenc@posthook=\toks17

(/usr/share/texlive/texmf-dist/tex/latex/base/utf8.def
File: utf8.def 2015/12/03 v1.1r UTF-8 support for inputenc
Now handling font encoding OML ...
... no UTF-8 mapping file for font encoding OML
Now handling font encoding T1 ...
... processing UTF-8 mapping file for font encoding T1

(/usr/share/texlive/texmf-dist/tex/latex/base/t1enc.dfu
File: t1enc.dfu 2015/12/03 v1.1r UTF-8 support for inputenc
   defining Unicode char U+00A0 (decimal 160)
   defining Unicode char U+00A1 (decimal 161)
   defining Unicode char U+00A3 (decimal 163)
   defining Unicode char U+00AB (decimal 171)
   defining Unicode char U+00AD (decimal 173)
   defining Unicode char U+00BB (decimal 187)
   defining Unicode char U+00BF (decimal 191)
   defining Unicode char U+00C0 (decimal 192)
   defining Unicode char U+00C1 (decimal 193)
   defining Unicode char U+00C2 (decimal 194)
   defining Unicode char U+00C3 (decimal 195)
   defining Unicode char U+00C4 (decimal 196)
   defining Unicode char U+00C5 (decimal 197)
   defining Unicode char U+00C6 (decimal 198)
   defining Unicode char U+00C7 (decimal 199)
   defining Unicode char U+00C8 (decimal 200)
   defining Unicode char U+00C9 (decimal 201)
   defining Unicode char U+00CA (decimal 202)
   defining Unicode char U+00CB (decimal 203)
   defining Unicode char U+00CC (decimal 204)
   defining Unicode char U+00CD (decimal 205)
   defining Unicode char U+00CE (decimal 206)
   defining Unicode char U+00CF (decimal 207)
   defining Unicode char U+00D0 (decimal 208)
   defining Unicode char U+00D1 (decimal 209)
   defining Unicode char U+00D2 (decimal 210)
   defining Unicode char U+00D3 (decimal 211)
   defining Unicode char U+00D4 (decimal 212)
   defining Unicode char U+00D5 (decimal 213)
   defining Unicode char U+00D6 (decimal 214)
   defining Unicode char U+00D8 (decimal 216)
   defining Unicode char U+00D9 (decimal 217)
   defining Unicode char U+00DA (decimal 218)
   defining Unicode char U+00DB (decimal 219)
   defining Unicode char U+00DC (decimal 220)
   defining Unicode char U+00DD (decimal 221)
   defining Unicode char U+00DE (decimal 222)
   defining Unicode char U+00DF (decimal 223)
   defining Unicode char U+00E0 (decimal 224)
   defining Unicode char U+00E1 (decimal 225)
   defining Unicode char U+00E2 (decimal 226)
   defining Unicode char U+00E3 (decimal 227)
   defining Unicode char U+00E4 (decimal 228)
   defining Unicode char U+00E5 (decimal 229)
   defining Unicode char U+00E6 (decimal 230)
   defining Unicode char U+00E7 (decimal 231)
   defining Unicode char U+00E8 (decimal 232)
   defining Unicode char U+00E9 (decimal 233)
   defining Unicode char U+00EA (decimal 234)
   defining Unicode char U+00EB (decimal 235)
   defining Unicode char U+00EC (decimal 236)
   defining Unicode char U+00ED (decimal 237)
   defining Unicode char U+00EE (decimal 238)
   defining Unicode char U+00EF (decimal 239)
   defining Unicode char U+00F0 (decimal 240)
   defining Unicode char U+00F1 (decimal 241)
   defining Unicode char U+00F2 (decimal 242)
   defining Unicode char U+00F3 (decimal 243)
   defining Unicode char U+00F4 (decimal 244)
   defining Unicode char U+00F5 (decimal 245)
   defining Unicode char U+00F6 (decimal 246)
   defining Unicode char U+00F8 (decimal 248)
   defining Unicode char U+00F9 (decimal 249)
   defining Unicode char U+00FA (decimal 250)
   defining Unicode char U+00FB (decimal 251)
   defining Unicode char U+00FC (decimal 252)
   defining Unicode char U+00FD (decimal 253)
   defining Unicode char U+00FE (decimal 254)
   defining Unicode char U+00FF (decimal 255)
   defining Unicode char U+0100 (decimal 256)
   defining Unicode char U+0101 (decimal 257)
   defining Unicode char U+0102 (decimal 258)
   defining Unicode char U+0103 (decimal 259)
   defining Unicode char U+0104 (decimal 260)
   defining Unicode char U+0105 (decimal 261)
   defining Unicode char U+0106 (decimal 262)
   defining Unicode char U+0107 (decimal 263)
   defining Unicode char U+0108 (decimal 264)
   defining Unicode char U+0109 (decimal 265)
   defining Unicode char U+010A (decimal 266)
   defining Unicode char U+010B (decimal 267)
   defining Unicode char U+010C (decimal 268)
   defining Unicode char U+010D (decimal 269)
   defining Unicode char U+010E (decimal 270)
   defining Unicode char U+010F (decimal 271)
   defining Unicode char U+0110 (decimal 272)
   defining Unicode char U+0111 (decimal 273)
   defining Unicode char U+0112 (decimal 274)
   defining Unicode char U+0113 (decimal 275)
   defining Unicode char U+0114 (decimal 276)
   defining Unicode char U+0115 (decimal 277)
   defining Unicode char U+0116 (decimal 278)
   defining Unicode char U+0117 (decimal 279)
   defining Unicode char U+0118 (decimal 280)
   defining Unicode char U+0119 (decimal 281)
   defining Unicode char U+011A (decimal 282)
   defining Unicode char U+011B (decimal 283)
   defining Unicode char U+011C (decimal 284)
   defining Unicode char U+011D (decimal 285)
   defining Unicode char U+011E (decimal 286)
   defining Unicode char U+011F (decimal 287)
   defining Unicode char U+0120 (decimal 288)
   defining Unicode char U+0121 (decimal 289)
   defining Unicode char U+0122 (decimal 290)
   defining Unicode char U+0123 (decimal 291)
   defining Unicode char U+0124 (decimal 292)
   defining Unicode char U+0125 (decimal 293)
   defining Unicode char U+0128 (decimal 296)
   defining Unicode char U+0129 (decimal 297)
   defining Unicode char U+012A (decimal 298)
   defining Unicode char U+012B (decimal 299)
   defining Unicode char U+012C (decimal 300)
   defining Unicode char U+012D (decimal 301)
   defining Unicode char U+012E (decimal 302)
   defining Unicode char U+012F (decimal 303)
   defining Unicode char U+0130 (decimal 304)
   defining Unicode char U+0131 (decimal 305)
   defining Unicode char U+0132 (decimal 306)
   defining Unicode char U+0133 (decimal 307)
   defining Unicode char U+0134 (decimal 308)
   defining Unicode char U+0135 (decimal 309)
   defining Unicode char U+0136 (decimal 310)
   defining Unicode char U+0137 (decimal 311)
   defining Unicode char U+0139 (decimal 313)
   defining Unicode char U+013A (decimal 314)
   defining Unicode char U+013B (decimal 315)
   defining Unicode char U+013C (decimal 316)
   defining Unicode char U+013D (decimal 317)
   defining Unicode char U+013E (decimal 318)
   defining Unicode char U+0141 (decimal 321)
   defining Unicode char U+0142 (decimal 322)
   defining Unicode char U+0143 (decimal 323)
   defining Unicode char U+0144 (decimal 324)
   defining Unicode char U+0145 (decimal 325)
   defining Unicode char U+0146 (decimal 326)
   defining Unicode char U+0147 (decimal 327)
   defining Unicode char U+0148 (decimal 328)
   defining Unicode char U+014A (decimal 330)
   defining Unicode char U+014B (decimal 331)
   defining Unicode char U+014C (decimal 332)
   defining Unicode char U+014D (decimal 333)
   defining Unicode char U+014E (decimal 334)
   defining Unicode char U+014F (decimal 335)
   defining Unicode char U+0150 (decimal 336)
   defining Unicode char U+0151 (decimal 337)
   defining Unicode char U+0152 (decimal 338)
   defining Unicode char U+0153 (decimal 339)
   defining Unicode char U+0154 (decimal 340)
   defining Unicode char U+0155 (decimal 341)
   defining Unicode char U+0156 (decimal 342)
   defining Unicode char U+0157 (decimal 343)
   defining Unicode char U+0158 (decimal 344)
   defining Unicode char U+0159 (decimal 345)
   defining Unicode char U+015A (decimal 346)
   defining Unicode char U+015B (decimal 347)
   defining Unicode char U+015C (decimal 348)
   defining Unicode char U+015D (decimal 349)
   defining Unicode char U+015E (decimal 350)
   defining Unicode char U+015F (decimal 351)
   defining Unicode char U+0160 (decimal 352)
   defining Unicode char U+0161 (decimal 353)
   defining Unicode char U+0162 (decimal 354)
   defining Unicode char U+0163 (decimal 355)
   defining Unicode char U+0164 (decimal 356)
   defining Unicode char U+0165 (decimal 357)
   defining Unicode char U+0168 (decimal 360)
   defining Unicode char U+0169 (decimal 361)
   defining Unicode char U+016A (decimal 362)
   defining Unicode char U+016B (decimal 363)
   defining Unicode char U+016C (decimal 364)
   defining Unicode char U+016D (decimal 365)
   defining Unicode char U+016E (decimal 366)
   defining Unicode char U+016F (decimal 367)
   defining Unicode char U+0170 (decimal 368)
   defining Unicode char U+0171 (decimal 369)
   defining Unicode char U+0172 (decimal 370)
   defining Unicode char U+0173 (decimal 371)
   defining Unicode char U+0174 (decimal 372)
   defining Unicode char U+0175 (decimal 373)
   defining Unicode char U+0176 (decimal 374)
   defining Unicode char U+0177 (decimal 375)
   defining Unicode char U+0178 (decimal 376)
   defining Unicode char U+0179 (decimal 377)
   defining Unicode char U+017A (decimal 378)
   defining Unicode char U+017B (decimal 379)
   defining Unicode char U+017C (decimal 380)
   defining Unicode char U+017D (decimal 381)
   defining Unicode char U+017E (decimal 382)
   defining Unicode char U+01CD (decimal 461)
   defining Unicode char U+01CE (decimal 462)
   defining Unicode char U+01CF (decimal 463)
   defining Unicode char U+01D0 (decimal 464)
   defining Unicode char U+01D1 (decimal 465)
   defining Unicode char U+01D2 (decimal 466)
   defining Unicode char U+01D3 (decimal 467)
   defining Unicode char U+01D4 (decimal 468)
   defining Unicode char U+01E2 (decimal 482)
   defining Unicode char U+01E3 (decimal 483)
   defining Unicode char U+01E6 (decimal 486)
   defining Unicode char U+01E7 (decimal 487)
   defining Unicode char U+01E8 (decimal 488)
   defining Unicode char U+01E9 (decimal 489)
   defining Unicode char U+01EA (decimal 490)
   defining Unicode char U+01EB (decimal 491)
   defining Unicode char U+01F0 (decimal 496)
   defining Unicode char U+01F4 (decimal 500)
   defining Unicode char U+01F5 (decimal 501)
   defining Unicode char U+0218 (decimal 536)
   defining Unicode char U+0219 (decimal 537)
   defining Unicode char U+021A (decimal 538)
   defining Unicode char U+021B (decimal 539)
   defining Unicode char U+01E02 (decimal 7682)
   defining Unicode char U+01E03 (decimal 7683)
   defining Unicode char U+200C (decimal 8204)
   defining Unicode char U+2013 (decimal 8211)
   defining Unicode char U+2014 (decimal 8212)
   defining Unicode char U+2018 (decimal 8216)
   defining Unicode char U+2019 (decimal 8217)
   defining Unicode char U+201A (decimal 8218)
   defining Unicode char U+201C (decimal 8220)
   defining Unicode char U+201D (decimal 8221)
   defining Unicode char U+201E (decimal 8222)
   defining Unicode char U+2030 (decimal 8240)
   defining Unicode char U+2031 (decimal 8241)
   defining Unicode char U+2039 (decimal 8249)
   defining Unicode char U+203A (decimal 8250)
   defining Unicode char U+2423 (decimal 9251)
)
Now handling font encoding OT1 ...
... processing UTF-8 mapping file for font encoding OT1

(/usr/share/texlive/texmf-dist/tex/latex/base/ot1enc.dfu
File: ot1enc.dfu 2015/12/03 v1.1r UTF-8 support for inputenc
   defining Unicode char U+00A0 (decimal 160)
   defining Unicode char U+00A1 (decimal 161)
   defining Unicode char U+00A3 (decimal 163)
   defining Unicode char U+00AD (decimal 173)
   defining Unicode char U+00B8 (decimal 184)
   defining Unicode char U+00BF (decimal 191)
   defining Unicode char U+00C5 (decimal 197)
   defining Unicode char U+00C6 (decimal 198)
   defining Unicode char U+00D8 (decimal 216)
   defining Unicode char U+00DF (decimal 223)
   defining Unicode char U+00E6 (decimal 230)
   defining Unicode char U+00EC (decimal 236)
   defining Unicode char U+00ED (decimal 237)
   defining Unicode char U+00EE (decimal 238)
   defining Unicode char U+00EF (decimal 239)
   defining Unicode char U+00F8 (decimal 248)
   defining Unicode char U+0131 (decimal 305)
   defining Unicode char U+0141 (decimal 321)
   defining Unicode char U+0142 (decimal 322)
   defining Unicode char U+0152 (decimal 338)
   defining Unicode char U+0153 (decimal 339)
   defining Unicode char U+0174 (decimal 372)
   defining Unicode char U+0175 (decimal 373)
   defining Unicode char U+0176 (decimal 374)
   defining Unicode char U+0177 (decimal 375)
   defining Unicode char U+0218 (decimal 536)
   defining Unicode char U+0219 (decimal 537)
   defining Unicode char U+021A (decimal 538)
   defining Unicode char U+021B (decimal 539)
   defining Unicode char U+2013 (decimal 8211)
   defining Unicode char U+2014 (decimal 8212)
   defining Unicode char U+2018 (decimal 8216)
   defining Unicode char U+2019 (decimal 8217)
   defining Unicode char U+201C (decimal 8220)
   defining Unicode char U+201D (decimal 8221)
)
Now handling font encoding OMS ...
... processing UTF-8 mapping file for font encoding OMS

(/usr/share/texlive/texmf-dist/tex/latex/base/omsenc.dfu
File: omsenc.dfu 2015/12/03 v1.1r UTF-8 support for inputenc
   defining Unicode char U+00A7 (decimal 167)
   defining Unicode char U+00B6 (decimal 182)
   defining Unicode char U+00B7 (decimal 183)
   defining Unicode char U+2020 (decimal 8224)
   defining Unicode char U+2021 (decimal 8225)
   defining Unicode char U+2022 (decimal 8226)
)
Now handling font encoding OMX ...
... no UTF-8 mapping file for font encoding OMX
Now handling font encoding U ...
... no UTF-8 mapping file for font encoding U
   defining Unicode char U+00A9 (decimal 169)
   defining Unicode char U+00AA (decimal 170)
   defining Unicode char U+00AE (decimal 174)
   defining Unicode char U+00BA (decimal 186)
   defining Unicode char U+02C6 (decimal 710)
   defining Unicode char U+02DC (decimal 732)
   defining Unicode char U+200C (decimal 8204)
   defining Unicode char U+2026 (decimal 8230)
   defining Unicode char U+2122 (decimal 8482)
   defining Unicode char U+2423 (decimal 9251)
))
(/usr/share/texlive/texmf-dist/tex/generic/babel/babel.sty
Package: babel 2016/02/24 3.9q The Babel package

(/usr/share/texlive/texmf-dist/tex/generic/babel-english/english.ldf
Language: english 2012/08/20 v3.3p English support from the babel system

(/usr/share/texlive/texmf-dist/tex/generic/babel/babel.def
File: babel.def 2016/02/24 3.9q Babel common definitions
\babel@savecnt=\count90
\U@D=\dimen111
)
\l@british = a dialect from \language\l@english 
\l@UKenglish = a dialect from \language\l@english 
\l@canadian = a dialect from \language\l@american 
\l@australian = a dialect from \language\l@british 
\l@newzealand = a dialect from \language\l@british 
))
(/usr/share/texlive/texmf-dist/tex/latex/lipsum/lipsum.sty
Package: lipsum 2014/07/27 v1.3 150 paragraphs of Lorem Ipsum dummy text
\c@lips@count=\count91
)
(/usr/share/texlive/texmf-dist/tex/latex/amsmath/amsmath.sty
Package: amsmath 2016/03/03 v2.15a AMS math features
\@mathmargin=\skip43

For additional information on amsmath, use the `?' option.
(/usr/share/texlive/texmf-dist/tex/latex/amsmath/amstext.sty
Package: amstext 2000/06/29 v2.01 AMS text

(/usr/share/texlive/texmf-dist/tex/latex/amsmath/amsgen.sty
File: amsgen.sty 1999/11/30 v2.0 generic functions
\@emptytoks=\toks18
\ex@=\dimen112
))
(/usr/share/texlive/texmf-dist/tex/latex/amsmath/amsbsy.sty
Package: amsbsy 1999/11/29 v1.2d Bold Symbols
\pmbraise@=\dimen113
)
(/usr/share/texlive/texmf-dist/tex/latex/amsmath/amsopn.sty
Package: amsopn 1999/12/14 v2.01 operator names
)
\inf@bad=\count92
LaTeX Info: Redefining \frac on input line 199.
\uproot@=\count93
\leftroot@=\count94
LaTeX Info: Redefining \overline on input line 297.
\classnum@=\count95
\DOTSCASE@=\count96
LaTeX Info: Redefining \ldots on input line 394.
LaTeX Info: Redefining \dots on input line 397.
LaTeX Info: Redefining \cdots on input line 518.
\Mathstrutbox@=\box26
\strutbox@=\box27
\big@size=\dimen114
LaTeX Font Info:    Redeclaring font encoding OML on input line 630.
LaTeX Font Info:    Redeclaring font encoding OMS on input line 631.
\macc@depth=\count97
\c@MaxMatrixCols=\count98
\dotsspace@=\muskip10
\c@parentequation=\count99
\dspbrk@lvl=\count100
\tag@help=\toks19
\row@=\count101
\column@=\count102
\maxfields@=\count103
\andhelp@=\toks20
\eqnshift@=\dimen115
\alignsep@=\dimen116
\tagshift@=\dimen117
\tagwidth@=\dimen118
\totwidth@=\dimen119
\lineht@=\dimen120
\@envbody=\toks21
\multlinegap=\skip44
\multlinetaggap=\skip45
\mathdisplay@stack=\toks22
LaTeX Info: Redefining \[ on input line 2735.
LaTeX Info: Redefining \] on input line 2736.
)
(/usr/share/texlive/texmf-dist/tex/latex/amsfonts/amssymb.sty
Package: amssymb 2013/01/14 v3.01 AMS font symbols

(/usr/share/texlive/texmf-dist/tex/latex/amsfonts/amsfonts.sty
Package: amsfonts 2013/01/14 v3.01 Basic AMSFonts support
\symAMSa=\mathgroup4
\symAMSb=\mathgroup5
LaTeX Font Info:    Overwriting math alphabet `\mathfrak' in version `bold'
(Font)                  U/euf/m/n --> U/euf/b/n on input line 106.
))
(/usr/share/texlive/texmf-dist/tex/latex/amscls/amsthm.sty
Package: amsthm 2015/03/04 v2.20.2
\thm@style=\toks23
\thm@bodyfont=\toks24
\thm@headfont=\toks25
\thm@notefont=\toks26
\thm@headpunct=\toks27
\thm@preskip=\skip46
\thm@postskip=\skip47
\thm@headsep=\skip48
\dth@everypar=\toks28
)
(/usr/share/texlive/texmf-dist/tex/latex/microtype/microtype.sty
Package: microtype 2013/05/23 v2.5a Micro-typographical refinements (RS)
\MT@toks=\toks29
\MT@count=\count104
LaTeX Info: Redefining \textls on input line 766.
\MT@outer@kern=\dimen121
LaTeX Info: Redefining \textmicrotypecontext on input line 1285.
\MT@listname@count=\count105

(/usr/share/texlive/texmf-dist/tex/latex/microtype/microtype-pdftex.def
File: microtype-pdftex.def 2013/05/23 v2.5a Definitions specific to pdftex (RS)

LaTeX Info: Redefining \lsstyle on input line 915.
LaTeX Info: Redefining \lslig on input line 915.
\MT@outer@space=\skip49
)
Package microtype Info: Loading configuration file microtype.cfg.

(/usr/share/texlive/texmf-dist/tex/latex/microtype/microtype.cfg
File: microtype.cfg 2013/05/23 v2.5a microtype main configuration file (RS)
))
(/usr/share/texlive/texmf-dist/tex/latex/graphics/graphicx.sty
Package: graphicx 2014/10/28 v1.0g Enhanced LaTeX Graphics (DPC,SPQR)

(/usr/share/texlive/texmf-dist/tex/latex/graphics/graphics.sty
Package: graphics 2016/01/03 v1.0q Standard LaTeX Graphics (DPC,SPQR)

(/usr/share/texlive/texmf-dist/tex/latex/graphics/trig.sty
Package: trig 2016/01/03 v1.10 sin cos tan (DPC)
)
(/usr/share/texlive/texmf-dist/tex/latex/latexconfig/graphics.cfg
File: graphics.cfg 2010/04/23 v1.9 graphics configuration of TeX Live
)
Package graphics Info: Driver file: pdftex.def on input line 95.

(/usr/share/texlive/texmf-dist/tex/latex/pdftex-def/pdftex.def
File: pdftex.def 2011/05/27 v0.06d Graphics/color for pdfTeX

(/usr/share/texlive/texmf-dist/tex/generic/oberdiek/infwarerr.sty
Package: infwarerr 2010/04/08 v1.3 Providing info/warning/error messages (HO)
)
(/usr/share/texlive/texmf-dist/tex/generic/oberdiek/ltxcmds.sty
Package: ltxcmds 2011/11/09 v1.22 LaTeX kernel commands for general use (HO)
)
\Gread@gobject=\count106
))
\Gin@req@height=\dimen122
\Gin@req@width=\dimen123
)
(/usr/share/texlive/texmf-dist/tex/latex/graphics/epsfig.sty
Package: epsfig 1999/02/16 v1.7a (e)psfig emulation (SPQR)
\epsfxsize=\dimen124
\epsfysize=\dimen125
)
(/usr/share/texlive/texmf-dist/tex/latex/oberdiek/epstopdf.sty
Package: epstopdf 2010/02/09 v2.5 Conversion with epstopdf on the fly (HO)

(/usr/share/texlive/texmf-dist/tex/latex/oberdiek/epstopdf-base.sty
Package: epstopdf-base 2010/02/09 v2.5 Base part for package epstopdf

(/usr/share/texlive/texmf-dist/tex/latex/oberdiek/grfext.sty
Package: grfext 2010/08/19 v1.1 Manage graphics extensions (HO)

(/usr/share/texlive/texmf-dist/tex/generic/oberdiek/kvdefinekeys.sty
Package: kvdefinekeys 2011/04/07 v1.3 Define keys (HO)
))
(/usr/share/texlive/texmf-dist/tex/latex/oberdiek/kvoptions.sty
Package: kvoptions 2011/06/30 v3.11 Key value format for package options (HO)

(/usr/share/texlive/texmf-dist/tex/generic/oberdiek/kvsetkeys.sty
Package: kvsetkeys 2012/04/25 v1.16 Key value parser (HO)

(/usr/share/texlive/texmf-dist/tex/generic/oberdiek/etexcmds.sty
Package: etexcmds 2011/02/16 v1.5 Avoid name clashes with e-TeX commands (HO)

(/usr/share/texlive/texmf-dist/tex/generic/oberdiek/ifluatex.sty
Package: ifluatex 2010/03/01 v1.3 Provides the ifluatex switch (HO)
Package ifluatex Info: LuaTeX not detected.
)
Package etexcmds Info: Could not find \expanded.
(etexcmds)             That can mean that you are not using pdfTeX 1.50 or
(etexcmds)             that some package has redefined \expanded.
(etexcmds)             In the latter case, load this package earlier.
)))
(/usr/share/texlive/texmf-dist/tex/generic/oberdiek/pdftexcmds.sty
Package: pdftexcmds 2011/11/29 v0.20 Utility functions of pdfTeX for LuaTeX (HO
)
Package pdftexcmds Info: LuaTeX not detected.
Package pdftexcmds Info: \pdf@primitive is available.
Package pdftexcmds Info: \pdf@ifprimitive is available.
Package pdftexcmds Info: \pdfdraftmode found.
)
Package grfext Info: Graphics extension search list:
(grfext)             [.png,.pdf,.jpg,.mps,.jpeg,.jbig2,.jb2,.PNG,.PDF,.JPG,.JPE
G,.JBIG2,.JB2,.eps]
(grfext)             \AppendGraphicsExtensions on input line 452.

(/usr/share/texlive/texmf-dist/tex/latex/latexconfig/epstopdf-sys.cfg
File: epstopdf-sys.cfg 2010/07/13 v1.3 Configuration of (r)epstopdf for TeX Liv
e
)))
(/usr/share/texlive/texmf-dist/tex/latex/xcolor/xcolor.sty
Package: xcolor 2007/01/21 v2.11 LaTeX color extensions (UK)

(/usr/share/texlive/texmf-dist/tex/latex/latexconfig/color.cfg
File: color.cfg 2007/01/18 v1.5 color configuration of teTeX/TeXLive
)
Package xcolor Info: Driver file: pdftex.def on input line 225.
Package xcolor Info: Model `cmy' substituted by `cmy0' on input line 1337.
Package xcolor Info: Model `hsb' substituted by `rgb' on input line 1341.
Package xcolor Info: Model `RGB' extended on input line 1353.
Package xcolor Info: Model `HTML' substituted by `rgb' on input line 1355.
Package xcolor Info: Model `Hsb' substituted by `hsb' on input line 1356.
Package xcolor Info: Model `tHsb' substituted by `hsb' on input line 1357.
Package xcolor Info: Model `HSB' substituted by `hsb' on input line 1358.
Package xcolor Info: Model `Gray' substituted by `gray' on input line 1359.
Package xcolor Info: Model `wave' substituted by `hsb' on input line 1360.

(/usr/share/texlive/texmf-dist/tex/latex/xcolor/svgnam.def
File: svgnam.def 2007/01/21 v2.11 Predefined colors according to SVG 1.1 (UK)
))
(/usr/share/texlive/texmf-dist/tex/latex/titlesec/titlesec.sty
Package: titlesec 2016/03/15 v2.10.1 Sectioning titles
\ttl@box=\box28
\beforetitleunit=\skip50
\aftertitleunit=\skip51
\ttl@plus=\dimen126
\ttl@minus=\dimen127
\ttl@toksa=\toks30
\titlewidth=\dimen128
\titlewidthlast=\dimen129
\titlewidthfirst=\dimen130
)
(/usr/share/texlive/texmf-dist/tex/latex/sectsty/sectsty.sty
Package: sectsty 2002/02/25 v2.0.2 Commands to change all sectional heading sty
les
)
(/usr/share/texlive/texmf-dist/tex/latex/caption/caption.sty
Package: caption 2016/02/21 v3.3-144 Customizing captions (AR)

(/usr/share/texlive/texmf-dist/tex/latex/caption/caption3.sty
Package: caption3 2016/02/04 v1.7-139 caption3 kernel (AR)
Package caption3 Info: TeX engine: e-TeX on input line 67.
\captionmargin=\dimen131
\captionmargin@=\dimen132
\captionwidth=\dimen133
\caption@tempdima=\dimen134
\caption@indent=\dimen135
\caption@parindent=\dimen136
\caption@hangindent=\dimen137
)
\c@ContinuedFloat=\count107
)
(/usr/share/texlive/texmf-dist/tex/latex/circuitikz/circuitikz.sty
Package: circuitikz 2015/05/15 The CircuiTikz circuit drawing package version 0
.4

(/usr/share/texlive/texmf-dist/tex/latex/pgf/frontendlayer/tikz.sty
(/usr/share/texlive/texmf-dist/tex/latex/pgf/basiclayer/pgf.sty
(/usr/share/texlive/texmf-dist/tex/latex/pgf/utilities/pgfrcs.sty
(/usr/share/texlive/texmf-dist/tex/generic/pgf/utilities/pgfutil-common.tex
\pgfutil@everybye=\toks31
\pgfutil@tempdima=\dimen138
\pgfutil@tempdimb=\dimen139

(/usr/share/texlive/texmf-dist/tex/generic/pgf/utilities/pgfutil-common-lists.t
ex)) (/usr/share/texlive/texmf-dist/tex/generic/pgf/utilities/pgfutil-latex.def
\pgfutil@abb=\box29
(/usr/share/texlive/texmf-dist/tex/latex/ms/everyshi.sty
Package: everyshi 2001/05/15 v3.00 EveryShipout Package (MS)
))
(/usr/share/texlive/texmf-dist/tex/generic/pgf/utilities/pgfrcs.code.tex
Package: pgfrcs 2015/08/07 v3.0.1a (rcs-revision 1.31)
))
Package: pgf 2015/08/07 v3.0.1a (rcs-revision 1.15)

(/usr/share/texlive/texmf-dist/tex/latex/pgf/basiclayer/pgfcore.sty
(/usr/share/texlive/texmf-dist/tex/latex/pgf/systemlayer/pgfsys.sty
(/usr/share/texlive/texmf-dist/tex/generic/pgf/systemlayer/pgfsys.code.tex
Package: pgfsys 2014/07/09 v3.0.1a (rcs-revision 1.48)

(/usr/share/texlive/texmf-dist/tex/generic/pgf/utilities/pgfkeys.code.tex
\pgfkeys@pathtoks=\toks32
\pgfkeys@temptoks=\toks33

(/usr/share/texlive/texmf-dist/tex/generic/pgf/utilities/pgfkeysfiltered.code.t
ex
\pgfkeys@tmptoks=\toks34
))
\pgf@x=\dimen140
\pgf@y=\dimen141
\pgf@xa=\dimen142
\pgf@ya=\dimen143
\pgf@xb=\dimen144
\pgf@yb=\dimen145
\pgf@xc=\dimen146
\pgf@yc=\dimen147
\w@pgf@writea=\write3
\r@pgf@reada=\read1
\c@pgf@counta=\count108
\c@pgf@countb=\count109
\c@pgf@countc=\count110
\c@pgf@countd=\count111
\t@pgf@toka=\toks35
\t@pgf@tokb=\toks36
\t@pgf@tokc=\toks37
 (/usr/share/texlive/texmf-dist/tex/generic/pgf/systemlayer/pgf.cfg
File: pgf.cfg 2008/05/14  (rcs-revision 1.7)
)
Driver file for pgf: pgfsys-pdftex.def

(/usr/share/texlive/texmf-dist/tex/generic/pgf/systemlayer/pgfsys-pdftex.def
File: pgfsys-pdftex.def 2014/10/11  (rcs-revision 1.35)

(/usr/share/texlive/texmf-dist/tex/generic/pgf/systemlayer/pgfsys-common-pdf.de
f
File: pgfsys-common-pdf.def 2013/10/10  (rcs-revision 1.13)
)))
(/usr/share/texlive/texmf-dist/tex/generic/pgf/systemlayer/pgfsyssoftpath.code.
tex
File: pgfsyssoftpath.code.tex 2013/09/09  (rcs-revision 1.9)
\pgfsyssoftpath@smallbuffer@items=\count112
\pgfsyssoftpath@bigbuffer@items=\count113
)
(/usr/share/texlive/texmf-dist/tex/generic/pgf/systemlayer/pgfsysprotocol.code.
tex
File: pgfsysprotocol.code.tex 2006/10/16  (rcs-revision 1.4)
))
(/usr/share/texlive/texmf-dist/tex/generic/pgf/basiclayer/pgfcore.code.tex
Package: pgfcore 2010/04/11 v3.0.1a (rcs-revision 1.7)

(/usr/share/texlive/texmf-dist/tex/generic/pgf/math/pgfmath.code.tex
(/usr/share/texlive/texmf-dist/tex/generic/pgf/math/pgfmathcalc.code.tex
(/usr/share/texlive/texmf-dist/tex/generic/pgf/math/pgfmathutil.code.tex)
(/usr/share/texlive/texmf-dist/tex/generic/pgf/math/pgfmathparser.code.tex
\pgfmath@dimen=\dimen148
\pgfmath@count=\count114
\pgfmath@box=\box30
\pgfmath@toks=\toks38
\pgfmath@stack@operand=\toks39
\pgfmath@stack@operation=\toks40
)
(/usr/share/texlive/texmf-dist/tex/generic/pgf/math/pgfmathfunctions.code.tex
(/usr/share/texlive/texmf-dist/tex/generic/pgf/math/pgfmathfunctions.basic.code
.tex)
(/usr/share/texlive/texmf-dist/tex/generic/pgf/math/pgfmathfunctions.trigonomet
ric.code.tex)
(/usr/share/texlive/texmf-dist/tex/generic/pgf/math/pgfmathfunctions.random.cod
e.tex)
(/usr/share/texlive/texmf-dist/tex/generic/pgf/math/pgfmathfunctions.comparison
.code.tex)
(/usr/share/texlive/texmf-dist/tex/generic/pgf/math/pgfmathfunctions.base.code.
tex)
(/usr/share/texlive/texmf-dist/tex/generic/pgf/math/pgfmathfunctions.round.code
.tex)
(/usr/share/texlive/texmf-dist/tex/generic/pgf/math/pgfmathfunctions.misc.code.
tex)
(/usr/share/texlive/texmf-dist/tex/generic/pgf/math/pgfmathfunctions.integerari
thmetics.code.tex)))
(/usr/share/texlive/texmf-dist/tex/generic/pgf/math/pgfmathfloat.code.tex
\c@pgfmathroundto@lastzeros=\count115
))
(/usr/share/texlive/texmf-dist/tex/generic/pgf/basiclayer/pgfcorepoints.code.te
x
File: pgfcorepoints.code.tex 2013/10/07  (rcs-revision 1.27)
\pgf@picminx=\dimen149
\pgf@picmaxx=\dimen150
\pgf@picminy=\dimen151
\pgf@picmaxy=\dimen152
\pgf@pathminx=\dimen153
\pgf@pathmaxx=\dimen154
\pgf@pathminy=\dimen155
\pgf@pathmaxy=\dimen156
\pgf@xx=\dimen157
\pgf@xy=\dimen158
\pgf@yx=\dimen159
\pgf@yy=\dimen160
\pgf@zx=\dimen161
\pgf@zy=\dimen162
)
(/usr/share/texlive/texmf-dist/tex/generic/pgf/basiclayer/pgfcorepathconstruct.
code.tex
File: pgfcorepathconstruct.code.tex 2013/10/07  (rcs-revision 1.29)
\pgf@path@lastx=\dimen163
\pgf@path@lasty=\dimen164
)
(/usr/share/texlive/texmf-dist/tex/generic/pgf/basiclayer/pgfcorepathusage.code
.tex
File: pgfcorepathusage.code.tex 2014/11/02  (rcs-revision 1.24)
\pgf@shorten@end@additional=\dimen165
\pgf@shorten@start@additional=\dimen166
)
(/usr/share/texlive/texmf-dist/tex/generic/pgf/basiclayer/pgfcorescopes.code.te
x
File: pgfcorescopes.code.tex 2015/05/08  (rcs-revision 1.46)
\pgfpic=\box31
\pgf@hbox=\box32
\pgf@layerbox@main=\box33
\pgf@picture@serial@count=\count116
)
(/usr/share/texlive/texmf-dist/tex/generic/pgf/basiclayer/pgfcoregraphicstate.c
ode.tex
File: pgfcoregraphicstate.code.tex 2014/11/02  (rcs-revision 1.12)
\pgflinewidth=\dimen167
)
(/usr/share/texlive/texmf-dist/tex/generic/pgf/basiclayer/pgfcoretransformation
s.code.tex
File: pgfcoretransformations.code.tex 2015/08/07  (rcs-revision 1.20)
\pgf@pt@x=\dimen168
\pgf@pt@y=\dimen169
\pgf@pt@temp=\dimen170
)
(/usr/share/texlive/texmf-dist/tex/generic/pgf/basiclayer/pgfcorequick.code.tex
File: pgfcorequick.code.tex 2008/10/09  (rcs-revision 1.3)
)
(/usr/share/texlive/texmf-dist/tex/generic/pgf/basiclayer/pgfcoreobjects.code.t
ex
File: pgfcoreobjects.code.tex 2006/10/11  (rcs-revision 1.2)
)
(/usr/share/texlive/texmf-dist/tex/generic/pgf/basiclayer/pgfcorepathprocessing
.code.tex
File: pgfcorepathprocessing.code.tex 2013/09/09  (rcs-revision 1.9)
)
(/usr/share/texlive/texmf-dist/tex/generic/pgf/basiclayer/pgfcorearrows.code.te
x
File: pgfcorearrows.code.tex 2015/05/14  (rcs-revision 1.43)
\pgfarrowsep=\dimen171
)
(/usr/share/texlive/texmf-dist/tex/generic/pgf/basiclayer/pgfcoreshade.code.tex
File: pgfcoreshade.code.tex 2013/07/15  (rcs-revision 1.15)
\pgf@max=\dimen172
\pgf@sys@shading@range@num=\count117
)
(/usr/share/texlive/texmf-dist/tex/generic/pgf/basiclayer/pgfcoreimage.code.tex
File: pgfcoreimage.code.tex 2013/07/15  (rcs-revision 1.18)

(/usr/share/texlive/texmf-dist/tex/generic/pgf/basiclayer/pgfcoreexternal.code.
tex
File: pgfcoreexternal.code.tex 2014/07/09  (rcs-revision 1.21)
\pgfexternal@startupbox=\box34
))
(/usr/share/texlive/texmf-dist/tex/generic/pgf/basiclayer/pgfcorelayers.code.te
x
File: pgfcorelayers.code.tex 2013/07/18  (rcs-revision 1.7)
)
(/usr/share/texlive/texmf-dist/tex/generic/pgf/basiclayer/pgfcoretransparency.c
ode.tex
File: pgfcoretransparency.code.tex 2013/09/30  (rcs-revision 1.5)
)
(/usr/share/texlive/texmf-dist/tex/generic/pgf/basiclayer/pgfcorepatterns.code.
tex
File: pgfcorepatterns.code.tex 2013/11/07  (rcs-revision 1.5)
)))
(/usr/share/texlive/texmf-dist/tex/generic/pgf/modules/pgfmoduleshapes.code.tex
File: pgfmoduleshapes.code.tex 2014/03/21  (rcs-revision 1.35)
\pgfnodeparttextbox=\box35
) (/usr/share/texlive/texmf-dist/tex/generic/pgf/modules/pgfmoduleplot.code.tex
File: pgfmoduleplot.code.tex 2015/08/03  (rcs-revision 1.13)
)
(/usr/share/texlive/texmf-dist/tex/latex/pgf/compatibility/pgfcomp-version-0-65
.sty
Package: pgfcomp-version-0-65 2007/07/03 v3.0.1a (rcs-revision 1.7)
\pgf@nodesepstart=\dimen173
\pgf@nodesepend=\dimen174
)
(/usr/share/texlive/texmf-dist/tex/latex/pgf/compatibility/pgfcomp-version-1-18
.sty
Package: pgfcomp-version-1-18 2007/07/23 v3.0.1a (rcs-revision 1.1)
)) (/usr/share/texlive/texmf-dist/tex/latex/pgf/utilities/pgffor.sty
(/usr/share/texlive/texmf-dist/tex/latex/pgf/utilities/pgfkeys.sty
(/usr/share/texlive/texmf-dist/tex/generic/pgf/utilities/pgfkeys.code.tex))
(/usr/share/texlive/texmf-dist/tex/latex/pgf/math/pgfmath.sty
(/usr/share/texlive/texmf-dist/tex/generic/pgf/math/pgfmath.code.tex))
(/usr/share/texlive/texmf-dist/tex/generic/pgf/utilities/pgffor.code.tex
Package: pgffor 2013/12/13 v3.0.1a (rcs-revision 1.25)

(/usr/share/texlive/texmf-dist/tex/generic/pgf/math/pgfmath.code.tex)
\pgffor@iter=\dimen175
\pgffor@skip=\dimen176
\pgffor@stack=\toks41
\pgffor@toks=\toks42
))
(/usr/share/texlive/texmf-dist/tex/generic/pgf/frontendlayer/tikz/tikz.code.tex
Package: tikz 2015/08/07 v3.0.1a (rcs-revision 1.151)

(/usr/share/texlive/texmf-dist/tex/generic/pgf/libraries/pgflibraryplothandlers
.code.tex
File: pgflibraryplothandlers.code.tex 2013/08/31 v3.0.1a (rcs-revision 1.20)
\pgf@plot@mark@count=\count118
\pgfplotmarksize=\dimen177
)
\tikz@lastx=\dimen178
\tikz@lasty=\dimen179
\tikz@lastxsaved=\dimen180
\tikz@lastysaved=\dimen181
\tikzleveldistance=\dimen182
\tikzsiblingdistance=\dimen183
\tikz@figbox=\box36
\tikz@figbox@bg=\box37
\tikz@tempbox=\box38
\tikz@tempbox@bg=\box39
\tikztreelevel=\count119
\tikznumberofchildren=\count120
\tikznumberofcurrentchild=\count121
\tikz@fig@count=\count122

(/usr/share/texlive/texmf-dist/tex/generic/pgf/modules/pgfmodulematrix.code.tex
File: pgfmodulematrix.code.tex 2013/09/17  (rcs-revision 1.8)
\pgfmatrixcurrentrow=\count123
\pgfmatrixcurrentcolumn=\count124
\pgf@matrix@numberofcolumns=\count125
)
\tikz@expandcount=\count126

(/usr/share/texlive/texmf-dist/tex/generic/pgf/frontendlayer/tikz/libraries/tik
zlibrarytopaths.code.tex
File: tikzlibrarytopaths.code.tex 2008/06/17 v3.0.1a (rcs-revision 1.2)
)))
(/usr/share/texlive/texmf-dist/tex/generic/pgf/frontendlayer/tikz/libraries/tik
zlibrarycalc.code.tex
File: tikzlibrarycalc.code.tex 2013/07/15 v3.0.1a (rcs-revision 1.9)
)
(/usr/share/texlive/texmf-dist/tex/generic/pgf/libraries/pgflibraryarrows.code.
tex
File: pgflibraryarrows.code.tex 2013/09/23 v3.0.1a (rcs-revision 1.16)
\arrowsize=\dimen184
) (/usr/share/texlive/texmf-dist/tex/generic/circuitikz/circuitikz.code.tex
\pgf@circ@Rlen=\dimen185

(/usr/share/texlive/texmf-dist/tex/generic/circuitikz/pgfcircutils.tex)
(/usr/share/texlive/texmf-dist/tex/generic/circuitikz/pgfcircmath.tex)
(/usr/share/texlive/texmf-dist/tex/generic/circuitikz/pgfcircshapes.tex)
(/usr/share/texlive/texmf-dist/tex/generic/circuitikz/pgfcircmonopoles.tex)
(/usr/share/texlive/texmf-dist/tex/generic/circuitikz/pgfcircbipoles.tex)
(/usr/share/texlive/texmf-dist/tex/generic/circuitikz/pgfcirctripoles.tex)
(/usr/share/texlive/texmf-dist/tex/generic/circuitikz/pgfcircquadpoles.tex)
(/usr/share/texlive/texmf-dist/tex/generic/circuitikz/pgfcircnpoles.tex)
(/usr/share/texlive/texmf-dist/tex/generic/circuitikz/pgfcirclabel.tex)
(/usr/share/texlive/texmf-dist/tex/generic/circuitikz/pgfcircvoltage.tex)
(/usr/share/texlive/texmf-dist/tex/generic/circuitikz/pgfcirccurrent.tex)
(/usr/share/texlive/texmf-dist/tex/generic/circuitikz/pgfcircinputarrows.tex))
(/usr/share/texlive/texmf-dist/tex/generic/circuitikz/circuitikz1.code.tex
\pgf@circ@res@up=\dimen186
\pgf@circ@res@down=\dimen187
\pgf@circ@res@zero=\dimen188
\pgf@circ@res@left=\dimen189
\pgf@circ@res@right=\dimen190
\pgf@circ@res@other=\dimen191
\pgf@circ@res@step=\dimen192
\pgf@circ@res@temp=\dimen193
\pgfstartlinewidth=\dimen194
))
(/usr/share/texlive/texmf-dist/tex/latex/hyperref/hyperref.sty
Package: hyperref 2012/11/06 v6.83m Hypertext links for LaTeX

(/usr/share/texlive/texmf-dist/tex/generic/oberdiek/hobsub-hyperref.sty
Package: hobsub-hyperref 2012/05/28 v1.13 Bundle oberdiek, subset hyperref (HO)


(/usr/share/texlive/texmf-dist/tex/generic/oberdiek/hobsub-generic.sty
Package: hobsub-generic 2012/05/28 v1.13 Bundle oberdiek, subset generic (HO)
Package: hobsub 2012/05/28 v1.13 Construct package bundles (HO)
Package hobsub Info: Skipping package `infwarerr' (already loaded).
Package hobsub Info: Skipping package `ltxcmds' (already loaded).
Package hobsub Info: Skipping package `ifluatex' (already loaded).
Package hobsub Info: Skipping package `ifvtex' (already loaded).
Package: intcalc 2007/09/27 v1.1 Expandable calculations with integers (HO)
Package hobsub Info: Skipping package `ifpdf' (already loaded).
Package hobsub Info: Skipping package `etexcmds' (already loaded).
Package hobsub Info: Skipping package `kvsetkeys' (already loaded).
Package hobsub Info: Skipping package `kvdefinekeys' (already loaded).
Package hobsub Info: Skipping package `pdftexcmds' (already loaded).
Package: pdfescape 2011/11/25 v1.13 Implements pdfTeX's escape features (HO)
Package: bigintcalc 2012/04/08 v1.3 Expandable calculations on big integers (HO
)
Package: bitset 2011/01/30 v1.1 Handle bit-vector datatype (HO)
Package: uniquecounter 2011/01/30 v1.2 Provide unlimited unique counter (HO)
)
Package hobsub Info: Skipping package `hobsub' (already loaded).
Package: letltxmacro 2010/09/02 v1.4 Let assignment for LaTeX macros (HO)
Package: hopatch 2012/05/28 v1.2 Wrapper for package hooks (HO)
Package: xcolor-patch 2011/01/30 xcolor patch
Package: atveryend 2011/06/30 v1.8 Hooks at the very end of document (HO)
Package atveryend Info: \enddocument detected (standard20110627).
Package: atbegshi 2011/10/05 v1.16 At begin shipout hook (HO)
Package: refcount 2011/10/16 v3.4 Data extraction from label references (HO)
Package: hycolor 2011/01/30 v1.7 Color options for hyperref/bookmark (HO)
)
(/usr/share/texlive/texmf-dist/tex/latex/oberdiek/auxhook.sty
Package: auxhook 2011/03/04 v1.3 Hooks for auxiliary files (HO)
)
\@linkdim=\dimen195
\Hy@linkcounter=\count127
\Hy@pagecounter=\count128

(/usr/share/texlive/texmf-dist/tex/latex/hyperref/pd1enc.def
File: pd1enc.def 2012/11/06 v6.83m Hyperref: PDFDocEncoding definition (HO)
Now handling font encoding PD1 ...
... no UTF-8 mapping file for font encoding PD1
)
\Hy@SavedSpaceFactor=\count129

(/usr/share/texlive/texmf-dist/tex/latex/latexconfig/hyperref.cfg
File: hyperref.cfg 2002/06/06 v1.2 hyperref configuration of TeXLive
)
Package hyperref Info: Hyper figures OFF on input line 4443.
Package hyperref Info: Link nesting OFF on input line 4448.
Package hyperref Info: Hyper index ON on input line 4451.
Package hyperref Info: Plain pages OFF on input line 4458.
Package hyperref Info: Backreferencing OFF on input line 4463.
Package hyperref Info: Implicit mode ON; LaTeX internals redefined.
Package hyperref Info: Bookmarks ON on input line 4688.
\c@Hy@tempcnt=\count130

(/usr/share/texlive/texmf-dist/tex/latex/url/url.sty
\Urlmuskip=\muskip11
Package: url 2013/09/16  ver 3.4  Verb mode for urls, etc.
)
LaTeX Info: Redefining \url on input line 5041.
\XeTeXLinkMargin=\dimen196
\Fld@menulength=\count131
\Field@Width=\dimen197
\Fld@charsize=\dimen198
Package hyperref Info: Hyper figures OFF on input line 6295.
Package hyperref Info: Link nesting OFF on input line 6300.
Package hyperref Info: Hyper index ON on input line 6303.
Package hyperref Info: backreferencing OFF on input line 6310.
Package hyperref Info: Link coloring OFF on input line 6315.
Package hyperref Info: Link coloring with OCG OFF on input line 6320.
Package hyperref Info: PDF/A mode OFF on input line 6325.
LaTeX Info: Redefining \ref on input line 6365.
LaTeX Info: Redefining \pageref on input line 6369.
\Hy@abspage=\count132
\c@Item=\count133
\c@Hfootnote=\count134
)

Package hyperref Message: Driver (autodetected): hpdftex.

(/usr/share/texlive/texmf-dist/tex/latex/hyperref/hpdftex.def
File: hpdftex.def 2012/11/06 v6.83m Hyperref driver for pdfTeX
\Fld@listcount=\count135
\c@bookmark@seq@number=\count136

(/usr/share/texlive/texmf-dist/tex/latex/oberdiek/rerunfilecheck.sty
Package: rerunfilecheck 2011/04/15 v1.7 Rerun checks for auxiliary files (HO)
Package uniquecounter Info: New unique counter `rerunfilecheck' on input line 2
82.
)
\Hy@SectionHShift=\skip52
)
Package hyperref Info: Option `colorlinks' set `true' on input line 39.

(./rules.aux

LaTeX Warning: Label `fig:tech_irrigation' multiply defined.


LaTeX Warning: Label `fig:tech_irrigation' multiply defined.


LaTeX Warning: Label `fig:tech_irrigation' multiply defined.


LaTeX Warning: Label `fig:game_board' multiply defined.


LaTeX Warning: Label `fig:tech_irrigation' multiply defined.


LaTeX Warning: Label `fig:tech_sailing' multiply defined.

)
\openout1 = `rules.aux'.

LaTeX Font Info:    Checking defaults for OML/cmm/m/it on input line 45.
LaTeX Font Info:    ... okay on input line 45.
LaTeX Font Info:    Checking defaults for T1/cmr/m/n on input line 45.
LaTeX Font Info:    ... okay on input line 45.
LaTeX Font Info:    Checking defaults for OT1/cmr/m/n on input line 45.
LaTeX Font Info:    ... okay on input line 45.
LaTeX Font Info:    Checking defaults for OMS/cmsy/m/n on input line 45.
LaTeX Font Info:    ... okay on input line 45.
LaTeX Font Info:    Checking defaults for OMX/cmex/m/n on input line 45.
LaTeX Font Info:    ... okay on input line 45.
LaTeX Font Info:    Checking defaults for U/cmr/m/n on input line 45.
LaTeX Font Info:    ... okay on input line 45.
LaTeX Font Info:    Checking defaults for PD1/pdf/m/n on input line 45.
LaTeX Font Info:    ... okay on input line 45.

*geometry* driver: auto-detecting
*geometry* detected driver: pdftex
*geometry* verbose mode - [ preamble ] result:
* driver: pdftex
* paper: a4paper
* layout: <same size as paper>
* layoutoffset:(h,v)=(0.0pt,0.0pt)
* modes: 
* h-part:(L,W,R)=(89.62709pt, 418.25368pt, 89.6271pt)
* v-part:(T,H,B)=(101.40665pt, 591.5302pt, 152.11pt)
* \paperwidth=597.50787pt
* \paperheight=845.04684pt
* \textwidth=418.25368pt
* \textheight=591.5302pt
* \oddsidemargin=17.3571pt
* \evensidemargin=17.3571pt
* \topmargin=-7.86334pt
* \headheight=12.0pt
* \headsep=25.0pt
* \topskip=11.0pt
* \footskip=30.0pt
* \marginparwidth=50.0pt
* \marginparsep=10.0pt
* \columnsep=10.0pt
* \skip\footins=10.0pt plus 4.0pt minus 2.0pt
* \hoffset=0.0pt
* \voffset=0.0pt
* \mag=1000
* \@twocolumnfalse
* \@twosidefalse
* \@mparswitchfalse
* \@reversemarginfalse
* (1in=72.27pt=25.4mm, 1cm=28.453pt)

LaTeX Info: Redefining \microtypecontext on input line 45.
Package microtype Info: Generating PDF output.
Package microtype Info: Character protrusion enabled (level 2).
Package microtype Info: Using default protrusion set `alltext'.
Package microtype Info: Automatic font expansion enabled (level 2),
(microtype)             stretch: 20, shrink: 20, step: 1, non-selected.
Package microtype Info: Using default expansion set `basictext'.
Package microtype Info: No adjustment of tracking.
Package microtype Info: No adjustment of interword spacing.
Package microtype Info: No adjustment of character kerning.
(/usr/share/texlive/texmf-dist/tex/latex/microtype/mt-cmr.cfg
File: mt-cmr.cfg 2013/05/19 v2.2 microtype config. file: Computer Modern Roman 
(RS)
)
(/usr/share/texlive/texmf-dist/tex/context/base/supp-pdf.mkii
[Loading MPS to PDF converter (version 2006.09.02).]
\scratchcounter=\count137
\scratchdimen=\dimen199
\scratchbox=\box40
\nofMPsegments=\count138
\nofMParguments=\count139
\everyMPshowfont=\toks43
\MPscratchCnt=\count140
\MPscratchDim=\dimen256
\MPnumerator=\count141
\makeMPintoPDFobject=\count142
\everyMPtoPDFconversion=\toks44
)
Package caption Info: Begin \AtBeginDocument code.
Package caption Info: hyperref package is loaded.
Package caption Info: End \AtBeginDocument code.
 ABD: EveryShipout initializing macros
\AtBeginShipoutBox=\box41
Package hyperref Info: Link coloring ON on input line 45.

(/usr/share/texlive/texmf-dist/tex/latex/hyperref/nameref.sty
Package: nameref 2012/10/27 v2.43 Cross-referencing by name of section

(/usr/share/texlive/texmf-dist/tex/generic/oberdiek/gettitlestring.sty
Package: gettitlestring 2010/12/03 v1.4 Cleanup title references (HO)
)
\c@section@level=\count143
)
LaTeX Info: Redefining \ref on input line 45.
LaTeX Info: Redefining \pageref on input line 45.
LaTeX Info: Redefining \nameref on input line 45.

(./rules.out) (./rules.out)
\@outlinefile=\write4
\openout4 = `rules.out'.

LaTeX Font Info:    Try loading font information for OT1+lmss on input line 47.

 (/usr/share/texmf/tex/latex/lm/ot1lmss.fd
File: ot1lmss.fd 2009/10/30 v1.6 Font defs for Latin Modern
)
LaTeX Font Info:    Font shape `OT1/lmss/b/n' in size <24.88> not available
(Font)              Font shape `OT1/lmss/bx/n' tried instead on input line 47.
Package microtype Info: Loading generic settings for font family
(microtype)             `lmss' (encoding: OT1).
(microtype)             For optimal results, create family-specific settings.
(microtype)             See the microtype manual for details.
LaTeX Font Info:    Try loading font information for U+msa on input line 47.

(/usr/share/texlive/texmf-dist/tex/latex/amsfonts/umsa.fd
File: umsa.fd 2013/01/14 v3.01 AMS symbols A
)
(/usr/share/texlive/texmf-dist/tex/latex/microtype/mt-msa.cfg
File: mt-msa.cfg 2006/02/04 v1.1 microtype config. file: AMS symbols (a) (RS)
)
LaTeX Font Info:    Try loading font information for U+msb on input line 47.

(/usr/share/texlive/texmf-dist/tex/latex/amsfonts/umsb.fd
File: umsb.fd 2013/01/14 v3.01 AMS symbols B
)
(/usr/share/texlive/texmf-dist/tex/latex/microtype/mt-msb.cfg
File: mt-msb.cfg 2005/06/01 v1.0 microtype config. file: AMS symbols (b) (RS)
)

LaTeX Warning: No \author given.

[1

{/var/lib/texmf/fonts/map/pdftex/updmap/pdftex.map}]
LaTeX Font Info:    Try loading font information for OMS+cmr on input line 50.

(/usr/share/texlive/texmf-dist/tex/latex/base/omscmr.fd
File: omscmr.fd 2014/09/29 v2.5h Standard LaTeX font definitions
)
LaTeX Font Info:    Font shape `OMS/cmr/m/n' in size <10.95> not available
(Font)              Font shape `OMS/cmsy/m/n' tried instead on input line 50.

<./png/doe_4p_setup.png, id=130, 314.17375pt x 384.43625pt>
File: ./png/doe_4p_setup.png Graphic file (type png)

<use ./png/doe_4p_setup.png>
Package pdftex.def Info: ./png/doe_4p_setup.png used on input line 86.
(pdftex.def)             Requested size: 157.08649pt x 192.21765pt.

<./png/doe_3p_setup.png, id=132, 292.09125pt x 311.1625pt>
File: ./png/doe_3p_setup.png Graphic file (type png)

<use ./png/doe_3p_setup.png>
Package pdftex.def Info: ./png/doe_3p_setup.png used on input line 91.
(pdftex.def)             Requested size: 146.04526pt x 155.58087pt.

<./png/doe_2p_setup.png, id=133, 189.70876pt x 316.18124pt>
File: ./png/doe_2p_setup.png Graphic file (type png)

<use ./png/doe_2p_setup.png>
Package pdftex.def Info: ./png/doe_2p_setup.png used on input line 96.
(pdftex.def)             Requested size: 94.85414pt x 158.09023pt.

Overfull \hbox (11.2047pt too wide) in paragraph at lines 96--98
[][] 
 []

pdfTeX warning (ext4): destination with the same identifier (name{page.1}) has 
been already used, duplicate ignored
<to be read again> 
                   \relax 
l.116 
       [1] [2 <./png/doe_4p_setup.png> <./png/doe_3p_setup.png> <./png/doe_2p_s
etup.png>]
<./png/doe_example_cube_collection.png, id=149, 213.79875pt x 184.69pt>
File: ./png/doe_example_cube_collection.png Graphic file (type png)

<use ./png/doe_example_cube_collection.png>
Package pdftex.def Info: ./png/doe_example_cube_collection.png used on input li
ne 157.
(pdftex.def)             Requested size: 128.28023pt x 110.81483pt.

Overfull \hbox (44.63078pt too wide) in paragraph at lines 157--158
[][] 
 []

[3 <./png/doe_example_cube_collection.png>]
<./png/doe_example_new_town.png, id=156, 220.825pt x 185.69376pt>
File: ./png/doe_example_new_town.png Graphic file (type png)

<use ./png/doe_example_new_town.png>
Package pdftex.def Info: ./png/doe_example_new_town.png used on input line 235.

(pdftex.def)             Requested size: 132.496pt x 111.4171pt.

Overfull \hbox (48.84656pt too wide) in paragraph at lines 235--236
[][] 
 []

[4] <./png/doe_example_build.png, id=161, 200.75pt x 93.34875pt>
File: ./png/doe_example_build.png Graphic file (type png)

<use ./png/doe_example_build.png>
Package pdftex.def Info: ./png/doe_example_build.png used on input line 281.
(pdftex.def)             Requested size: 120.45091pt x 56.00967pt.

Overfull \hbox (36.80147pt too wide) in paragraph at lines 281--282
[][] 
 []

<./png/doe_example_grow.png, id=162, 220.825pt x 185.69376pt>
File: ./png/doe_example_grow.png Graphic file (type png)

<use ./png/doe_example_grow.png>
Package pdftex.def Info: ./png/doe_example_grow.png used on input line 298.
(pdftex.def)             Requested size: 132.496pt x 111.4171pt.

Overfull \hbox (48.84656pt too wide) in paragraph at lines 298--299
[][] 
 []

[5 <./png/doe_example_new_town.png> <./png/doe_example_build.png>] [6 <./png/do
e_example_grow.png>] [7]
<./png/doe_central_board.png, id=183, 597.23125pt x 845.1575pt>
File: ./png/doe_central_board.png Graphic file (type png)

<use ./png/doe_central_board.png>
Package pdftex.def Info: ./png/doe_central_board.png used on input line 387.
(pdftex.def)             Requested size: 358.3415pt x 507.09842pt.
 [8 <./png/doe_central_board.png>]
<./png/doe_player_board.png, id=190, 597.23125pt x 845.1575pt>
File: ./png/doe_player_board.png Graphic file (type png)

<use ./png/doe_player_board.png>
Package pdftex.def Info: ./png/doe_player_board.png used on input line 397.
(pdftex.def)             Requested size: 358.3415pt x 507.09842pt.
 [9 <./png/doe_player_board.png>]
<./png/doe_tech_agriculture.png, id=197, 93.34875pt x 93.34875pt>
File: ./png/doe_tech_agriculture.png Graphic file (type png)

<use ./png/doe_tech_agriculture.png>
Package pdftex.def Info: ./png/doe_tech_agriculture.png used on input line 410.

(pdftex.def)             Requested size: 65.34366pt x 65.34366pt.

Overfull \hbox (23.51575pt too wide) in paragraph at lines 410--411
[][] 
 []

<./png/doe_tech_cartography.png, id=198, 93.34875pt x 93.34875pt>
File: ./png/doe_tech_cartography.png Graphic file (type png)

<use ./png/doe_tech_cartography.png>
Package pdftex.def Info: ./png/doe_tech_cartography.png used on input line 421.

(pdftex.def)             Requested size: 65.34366pt x 65.34366pt.

Overfull \hbox (23.51575pt too wide) in paragraph at lines 421--422
[][] 
 []

<./png/doe_tech_coal_mining.png, id=199, 93.34875pt x 93.34875pt>
File: ./png/doe_tech_coal_mining.png Graphic file (type png)

<use ./png/doe_tech_coal_mining.png>
Package pdftex.def Info: ./png/doe_tech_coal_mining.png used on input line 432.

(pdftex.def)             Requested size: 65.34366pt x 65.34366pt.

Overfull \hbox (23.51575pt too wide) in paragraph at lines 432--433
[][] 
 []

<./png/doe_tech_copper_mining.png, id=200, 93.34875pt x 93.34875pt>
File: ./png/doe_tech_copper_mining.png Graphic file (type png)

<use ./png/doe_tech_copper_mining.png>
Package pdftex.def Info: ./png/doe_tech_copper_mining.png used on input line 44
3.
(pdftex.def)             Requested size: 65.34366pt x 65.34366pt.

Overfull \hbox (23.51575pt too wide) in paragraph at lines 443--444
[][] 
 []

<./png/doe_tech_fishing.png, id=201, 93.34875pt x 93.34875pt>
File: ./png/doe_tech_fishing.png Graphic file (type png)

<use ./png/doe_tech_fishing.png>
Package pdftex.def Info: ./png/doe_tech_fishing.png used on input line 454.
(pdftex.def)             Requested size: 65.34366pt x 65.34366pt.

Overfull \hbox (23.51575pt too wide) in paragraph at lines 454--455
[][] 
 []

<./png/doe_tech_iron_mining.png, id=202, 93.34875pt x 93.34875pt>
File: ./png/doe_tech_iron_mining.png Graphic file (type png)

<use ./png/doe_tech_iron_mining.png>
Package pdftex.def Info: ./png/doe_tech_iron_mining.png used on input line 465.

(pdftex.def)             Requested size: 65.34366pt x 65.34366pt.

Overfull \hbox (23.51575pt too wide) in paragraph at lines 465--466
[][] 
 []

<./png/doe_tech_irrigation.png, id=203, 93.34875pt x 93.34875pt>
File: ./png/doe_tech_irrigation.png Graphic file (type png)

<use ./png/doe_tech_irrigation.png>
Package pdftex.def Info: ./png/doe_tech_irrigation.png used on input line 476.
(pdftex.def)             Requested size: 65.34366pt x 65.34366pt.

Overfull \hbox (23.51575pt too wide) in paragraph at lines 476--477
[][] 
 []

<./png/doe_tech_silver_mining.png, id=204, 93.34875pt x 93.34875pt>
File: ./png/doe_tech_silver_mining.png Graphic file (type png)

<use ./png/doe_tech_silver_mining.png>
Package pdftex.def Info: ./png/doe_tech_silver_mining.png used on input line 48
7.
(pdftex.def)             Requested size: 65.34366pt x 65.34366pt.

Overfull \hbox (23.51575pt too wide) in paragraph at lines 487--488
[][] 
 []

<./png/doe_tech_wheel.png, id=205, 93.34875pt x 93.34875pt>
File: ./png/doe_tech_wheel.png Graphic file (type png)

<use ./png/doe_tech_wheel.png>
Package pdftex.def Info: ./png/doe_tech_wheel.png used on input line 498.
(pdftex.def)             Requested size: 65.34366pt x 65.34366pt.

Overfull \hbox (23.51575pt too wide) in paragraph at lines 498--499
[][] 
 []

[10 <./png/doe_tech_agriculture.png> <./png/doe_tech_cartography.png> <./png/do
e_tech_coal_mining.png> <./png/doe_tech_copper_mining.png> <./png/doe_tech_fish
ing.png> <./png/doe_tech_iron_mining.png>]
<./png/doe_tech_currency.png, id=222, 93.34875pt x 93.34875pt>
File: ./png/doe_tech_currency.png Graphic file (type png)

<use ./png/doe_tech_currency.png>
Package pdftex.def Info: ./png/doe_tech_currency.png used on input line 513.
(pdftex.def)             Requested size: 65.34366pt x 65.34366pt.

Overfull \hbox (23.51575pt too wide) in paragraph at lines 513--514
[][] 
 []

<./png/doe_tech_masonry.png, id=223, 93.34875pt x 93.34875pt>
File: ./png/doe_tech_masonry.png Graphic file (type png)

<use ./png/doe_tech_masonry.png>
Package pdftex.def Info: ./png/doe_tech_masonry.png used on input line 524.
(pdftex.def)             Requested size: 65.34366pt x 65.34366pt.

Overfull \hbox (23.51575pt too wide) in paragraph at lines 524--525
[][] 
 []

<./png/doe_tech_money_trade.png, id=224, 93.34875pt x 93.34875pt>
File: ./png/doe_tech_money_trade.png Graphic file (type png)

<use ./png/doe_tech_money_trade.png>
Package pdftex.def Info: ./png/doe_tech_money_trade.png used on input line 535.

(pdftex.def)             Requested size: 65.34366pt x 65.34366pt.

Overfull \hbox (23.51575pt too wide) in paragraph at lines 535--536
[][] 
 []

<./png/doe_tech_pottery.png, id=225, 93.34875pt x 93.34875pt>
File: ./png/doe_tech_pottery.png Graphic file (type png)

<use ./png/doe_tech_pottery.png>
Package pdftex.def Info: ./png/doe_tech_pottery.png used on input line 546.
(pdftex.def)             Requested size: 65.34366pt x 65.34366pt.

Overfull \hbox (23.51575pt too wide) in paragraph at lines 546--547
[][] 
 []

<./png/doe_tech_production_trade.png, id=226, 93.34875pt x 93.34875pt>
File: ./png/doe_tech_production_trade.png Graphic file (type png)

<use ./png/doe_tech_production_trade.png>
Package pdftex.def Info: ./png/doe_tech_production_trade.png used on input line
 557.
(pdftex.def)             Requested size: 65.34366pt x 65.34366pt.

Overfull \hbox (23.51575pt too wide) in paragraph at lines 557--558
[][] 
 []

<./png/doe_tech_science_trade.png, id=227, 93.34875pt x 93.34875pt>
File: ./png/doe_tech_science_trade.png Graphic file (type png)

<use ./png/doe_tech_science_trade.png>
Package pdftex.def Info: ./png/doe_tech_science_trade.png used on input line 56
8.
(pdftex.def)             Requested size: 65.34366pt x 65.34366pt.

Overfull \hbox (23.51575pt too wide) in paragraph at lines 568--569
[][] 
 []

<./png/doe_tech_writing.png, id=228, 93.34875pt x 93.34875pt>
File: ./png/doe_tech_writing.png Graphic file (type png)

<use ./png/doe_tech_writing.png>
Package pdftex.def Info: ./png/doe_tech_writing.png used on input line 579.
(pdftex.def)             Requested size: 65.34366pt x 65.34366pt.

Overfull \hbox (23.51575pt too wide) in paragraph at lines 579--580
[][] 
 []

[11 <./png/doe_tech_irrigation.png> <./png/doe_tech_silver_mining.png> <./png/d
oe_tech_wheel.png> <./png/doe_tech_currency.png> <./png/doe_tech_masonry.png> <
./png/doe_tech_money_trade.png>]
<./png/doe_tech_code_of_laws.png, id=245, 93.34875pt x 93.34875pt>
File: ./png/doe_tech_code_of_laws.png Graphic file (type png)

<use ./png/doe_tech_code_of_laws.png>
Package pdftex.def Info: ./png/doe_tech_code_of_laws.png used on input line 594
.
(pdftex.def)             Requested size: 65.34366pt x 65.34366pt.

Overfull \hbox (23.51575pt too wide) in paragraph at lines 594--595
[][] 
 []

<./png/doe_tech_monarchy.png, id=246, 93.34875pt x 93.34875pt>
File: ./png/doe_tech_monarchy.png Graphic file (type png)

<use ./png/doe_tech_monarchy.png>
Package pdftex.def Info: ./png/doe_tech_monarchy.png used on input line 605.
(pdftex.def)             Requested size: 65.34366pt x 65.34366pt.

Overfull \hbox (23.51575pt too wide) in paragraph at lines 605--606
[][] 
 []

<./png/doe_tech_mysticism.png, id=247, 93.34875pt x 93.34875pt>
File: ./png/doe_tech_mysticism.png Graphic file (type png)

<use ./png/doe_tech_mysticism.png>
Package pdftex.def Info: ./png/doe_tech_mysticism.png used on input line 616.
(pdftex.def)             Requested size: 65.34366pt x 65.34366pt.

Overfull \hbox (23.51575pt too wide) in paragraph at lines 616--617
[][] 
 []

<./png/doe_tech_philosophy.png, id=248, 93.34875pt x 93.34875pt>
File: ./png/doe_tech_philosophy.png Graphic file (type png)

<use ./png/doe_tech_philosophy.png>
Package pdftex.def Info: ./png/doe_tech_philosophy.png used on input line 627.
(pdftex.def)             Requested size: 65.34366pt x 65.34366pt.

Overfull \hbox (23.51575pt too wide) in paragraph at lines 627--628
[][] 
 []

<./png/doe_tech_polytheism.png, id=249, 93.34875pt x 93.34875pt>
File: ./png/doe_tech_polytheism.png Graphic file (type png)

<use ./png/doe_tech_polytheism.png>
Package pdftex.def Info: ./png/doe_tech_polytheism.png used on input line 638.
(pdftex.def)             Requested size: 65.34366pt x 65.34366pt.

Overfull \hbox (23.51575pt too wide) in paragraph at lines 638--639
[][] 
 []

<./png/doe_tech_theology.png, id=250, 93.34875pt x 93.34875pt>
File: ./png/doe_tech_theology.png Graphic file (type png)

<use ./png/doe_tech_theology.png>
Package pdftex.def Info: ./png/doe_tech_theology.png used on input line 649.
(pdftex.def)             Requested size: 65.34366pt x 65.34366pt.

Overfull \hbox (23.51575pt too wide) in paragraph at lines 649--650
[][] 
 []

[12 <./png/doe_tech_pottery.png> <./png/doe_tech_production_trade.png> <./png/d
oe_tech_science_trade.png> <./png/doe_tech_writing.png> <./png/doe_tech_code_of
_laws.png> <./png/doe_tech_monarchy.png>]
<./png/doe_tech_horseback_riding.png, id=268, 93.34875pt x 93.34875pt>
File: ./png/doe_tech_horseback_riding.png Graphic file (type png)

<use ./png/doe_tech_horseback_riding.png>
Package pdftex.def Info: ./png/doe_tech_horseback_riding.png used on input line
 664.
(pdftex.def)             Requested size: 65.34366pt x 65.34366pt.

Overfull \hbox (23.51575pt too wide) in paragraph at lines 664--665
[][] 
 []

<./png/doe_tech_iron_working.png, id=269, 93.34875pt x 93.34875pt>
File: ./png/doe_tech_iron_working.png Graphic file (type png)

<use ./png/doe_tech_iron_working.png>
Package pdftex.def Info: ./png/doe_tech_iron_working.png used on input line 675
.
(pdftex.def)             Requested size: 65.34366pt x 65.34366pt.

Overfull \hbox (23.51575pt too wide) in paragraph at lines 675--676
[][] 
 []

<./png/doe_tech_military_tactics.png, id=270, 93.34875pt x 93.34875pt>
File: ./png/doe_tech_military_tactics.png Graphic file (type png)

<use ./png/doe_tech_military_tactics.png>
Package pdftex.def Info: ./png/doe_tech_military_tactics.png used on input line
 686.
(pdftex.def)             Requested size: 65.34366pt x 65.34366pt.

Overfull \hbox (23.51575pt too wide) in paragraph at lines 686--687
[][] 
 []

<./png/doe_tech_militia.png, id=271, 93.34875pt x 93.34875pt>
File: ./png/doe_tech_militia.png Graphic file (type png)

<use ./png/doe_tech_militia.png>
Package pdftex.def Info: ./png/doe_tech_militia.png used on input line 697.
(pdftex.def)             Requested size: 65.34366pt x 65.34366pt.

Overfull \hbox (23.51575pt too wide) in paragraph at lines 697--698
[][] 
 []

<./png/doe_tech_sailing.png, id=272, 93.34875pt x 93.34875pt>
File: ./png/doe_tech_sailing.png Graphic file (type png)

<use ./png/doe_tech_sailing.png>
Package pdftex.def Info: ./png/doe_tech_sailing.png used on input line 708.
(pdftex.def)             Requested size: 65.34366pt x 65.34366pt.

Overfull \hbox (23.51575pt too wide) in paragraph at lines 708--709
[][] 
 []

[13 <./png/doe_tech_mysticism.png> <./png/doe_tech_philosophy.png> <./png/doe_t
ech_polytheism.png> <./png/doe_tech_theology.png> <./png/doe_tech_horseback_rid
ing.png> <./png/doe_tech_iron_working.png>]
<./png/doe_building_barracks.png, id=289, 65.24374pt x 65.24374pt>
File: ./png/doe_building_barracks.png Graphic file (type png)

<use ./png/doe_building_barracks.png>
Package pdftex.def Info: ./png/doe_building_barracks.png used on input line 726
.
(pdftex.def)             Requested size: 45.6703pt x 45.6703pt.

Overfull \hbox (3.84239pt too wide) in paragraph at lines 726--727
[][] 
 []

<./png/doe_building_court.png, id=290, 65.24374pt x 65.24374pt>
File: ./png/doe_building_court.png Graphic file (type png)

<use ./png/doe_building_court.png>
Package pdftex.def Info: ./png/doe_building_court.png used on input line 737.
(pdftex.def)             Requested size: 45.6703pt x 45.6703pt.

Overfull \hbox (3.84239pt too wide) in paragraph at lines 737--738
[][] 
 []

<./png/doe_building_granary.png, id=291, 65.24374pt x 65.24374pt>
File: ./png/doe_building_granary.png Graphic file (type png)

<use ./png/doe_building_granary.png>
Package pdftex.def Info: ./png/doe_building_granary.png used on input line 748.

(pdftex.def)             Requested size: 45.6703pt x 45.6703pt.

Overfull \hbox (3.84239pt too wide) in paragraph at lines 748--749
[][] 
 []

<./png/doe_building_library.png, id=292, 65.24374pt x 65.24374pt>
File: ./png/doe_building_library.png Graphic file (type png)

<use ./png/doe_building_library.png>
Package pdftex.def Info: ./png/doe_building_library.png used on input line 759.

(pdftex.def)             Requested size: 45.6703pt x 45.6703pt.

Overfull \hbox (3.84239pt too wide) in paragraph at lines 759--760
[][] 
 []

<./png/doe_building_market.png, id=293, 65.24374pt x 65.24374pt>
File: ./png/doe_building_market.png Graphic file (type png)

<use ./png/doe_building_market.png>
Package pdftex.def Info: ./png/doe_building_market.png used on input line 770.
(pdftex.def)             Requested size: 45.6703pt x 45.6703pt.

Overfull \hbox (3.84239pt too wide) in paragraph at lines 770--771
[][] 
 []

<./png/doe_building_palace.png, id=294, 65.24374pt x 65.24374pt>
File: ./png/doe_building_palace.png Graphic file (type png)

<use ./png/doe_building_palace.png>
Package pdftex.def Info: ./png/doe_building_palace.png used on input line 781.
(pdftex.def)             Requested size: 45.6703pt x 45.6703pt.

Overfull \hbox (3.84239pt too wide) in paragraph at lines 781--782
[][] 
 []

<./png/doe_building_temple.png, id=295, 65.24374pt x 65.24374pt>
File: ./png/doe_building_temple.png Graphic file (type png)

<use ./png/doe_building_temple.png>
Package pdftex.def Info: ./png/doe_building_temple.png used on input line 792.
(pdftex.def)             Requested size: 45.6703pt x 45.6703pt.

Overfull \hbox (3.84239pt too wide) in paragraph at lines 792--793
[][] 
 []

<./png/doe_building_walls.png, id=296, 65.24374pt x 65.24374pt>
File: ./png/doe_building_walls.png Graphic file (type png)

<use ./png/doe_building_walls.png>
Package pdftex.def Info: ./png/doe_building_walls.png used on input line 803.
(pdftex.def)             Requested size: 45.6703pt x 45.6703pt.

Overfull \hbox (3.84239pt too wide) in paragraph at lines 803--804
[][] 
 []

<./png/doe_building_workshop.png, id=297, 65.24374pt x 65.24374pt>
File: ./png/doe_building_workshop.png Graphic file (type png)

<use ./png/doe_building_workshop.png>
Package pdftex.def Info: ./png/doe_building_workshop.png used on input line 814
.
(pdftex.def)             Requested size: 45.6703pt x 45.6703pt.

Overfull \hbox (3.84239pt too wide) in paragraph at lines 814--815
[][] 
 []

[14 <./png/doe_tech_military_tactics.png> <./png/doe_tech_militia.png> <./png/d
oe_tech_sailing.png> <./png/doe_building_barracks.png> <./png/doe_building_cour
t.png> <./png/doe_building_granary.png> <./png/doe_building_library.png>]
<./png/doe_wonder_colossus.png, id=316, 93.34875pt x 93.34875pt>
File: ./png/doe_wonder_colossus.png Graphic file (type png)

<use ./png/doe_wonder_colossus.png>
Package pdftex.def Info: ./png/doe_wonder_colossus.png used on input line 830.
(pdftex.def)             Requested size: 65.34366pt x 65.34366pt.

Overfull \hbox (23.51575pt too wide) in paragraph at lines 830--831
[][] 
 []

<./png/doe_wonder_great_library.png, id=317, 93.34875pt x 93.34875pt>
File: ./png/doe_wonder_great_library.png Graphic file (type png)

<use ./png/doe_wonder_great_library.png>
Package pdftex.def Info: ./png/doe_wonder_great_library.png used on input line 
841.
(pdftex.def)             Requested size: 65.34366pt x 65.34366pt.

Overfull \hbox (23.51575pt too wide) in paragraph at lines 841--842
[][] 
 []

<./png/doe_wonder_great_lighthouse.png, id=318, 93.34875pt x 93.34875pt>
File: ./png/doe_wonder_great_lighthouse.png Graphic file (type png)

<use ./png/doe_wonder_great_lighthouse.png>
Package pdftex.def Info: ./png/doe_wonder_great_lighthouse.png used on input li
ne 852.
(pdftex.def)             Requested size: 65.34366pt x 65.34366pt.

Overfull \hbox (23.51575pt too wide) in paragraph at lines 852--853
[][] 
 []

<./png/doe_wonder_great_wall.png, id=319, 93.34875pt x 93.34875pt>
File: ./png/doe_wonder_great_wall.png Graphic file (type png)

<use ./png/doe_wonder_great_wall.png>
Package pdftex.def Info: ./png/doe_wonder_great_wall.png used on input line 863
.
(pdftex.def)             Requested size: 65.34366pt x 65.34366pt.

Overfull \hbox (23.51575pt too wide) in paragraph at lines 863--864
[][] 
 []

<./png/doe_wonder_hanging_gardens.png, id=320, 93.34875pt x 93.34875pt>
File: ./png/doe_wonder_hanging_gardens.png Graphic file (type png)

<use ./png/doe_wonder_hanging_gardens.png>
Package pdftex.def Info: ./png/doe_wonder_hanging_gardens.png used on input lin
e 874.
(pdftex.def)             Requested size: 65.34366pt x 65.34366pt.

Overfull \hbox (23.51575pt too wide) in paragraph at lines 874--875
[][] 
 []

<./png/doe_wonder_oracle.png, id=321, 93.34875pt x 93.34875pt>
File: ./png/doe_wonder_oracle.png Graphic file (type png)

<use ./png/doe_wonder_oracle.png>
Package pdftex.def Info: ./png/doe_wonder_oracle.png used on input line 885.
(pdftex.def)             Requested size: 65.34366pt x 65.34366pt.

Overfull \hbox (23.51575pt too wide) in paragraph at lines 885--886
[][] 
 []

<./png/doe_wonder_pyramids.png, id=322, 93.34875pt x 93.34875pt>
File: ./png/doe_wonder_pyramids.png Graphic file (type png)

<use ./png/doe_wonder_pyramids.png>
Package pdftex.def Info: ./png/doe_wonder_pyramids.png used on input line 896.
(pdftex.def)             Requested size: 65.34366pt x 65.34366pt.

Overfull \hbox (23.51575pt too wide) in paragraph at lines 896--897
[][] 
 []

<./png/doe_wonder_temple_of_mars.png, id=323, 93.34875pt x 93.34875pt>
File: ./png/doe_wonder_temple_of_mars.png Graphic file (type png)

<use ./png/doe_wonder_temple_of_mars.png>
Package pdftex.def Info: ./png/doe_wonder_temple_of_mars.png used on input line
 907.
(pdftex.def)             Requested size: 65.34366pt x 65.34366pt.

Overfull \hbox (23.51575pt too wide) in paragraph at lines 907--908
[][] 
 []

<./png/doe_wonder_tomb_of_midas.png, id=324, 93.34875pt x 93.34875pt>
File: ./png/doe_wonder_tomb_of_midas.png Graphic file (type png)

<use ./png/doe_wonder_tomb_of_midas.png>
Package pdftex.def Info: ./png/doe_wonder_tomb_of_midas.png used on input line 
920.
(pdftex.def)             Requested size: 65.34366pt x 65.34366pt.

Overfull \hbox (23.51575pt too wide) in paragraph at lines 920--921
[][] 
 []

[15 <./png/doe_building_market.png> <./png/doe_building_palace.png> <./png/doe_
building_temple.png> <./png/doe_building_walls.png> <./png/doe_building_worksho
p.png> <./png/doe_wonder_colossus.png> <./png/doe_wonder_great_library.png> <./
png/doe_wonder_great_lighthouse.png>]
Package atveryend Info: Empty hook `BeforeClearDocument' on input line 931.
 [16 <./png/doe_wonder_great_wall.png> <./png/doe_wonder_hanging_gardens.png> <
./png/doe_wonder_oracle.png> <./png/doe_wonder_pyramids.png> <./png/doe_wonder_
temple_of_mars.png> <./png/doe_wonder_tomb_of_midas.png>]
Package atveryend Info: Empty hook `AfterLastShipout' on input line 931.
 (./rules.aux)
Package atveryend Info: Executing hook `AtVeryEndDocument' on input line 931.
Package atveryend Info: Executing hook `AtEndAfterFileList' on input line 931.
Package rerunfilecheck Info: File `rules.out' has not changed.
(rerunfilecheck)             Checksum: E4BD132201CE9AF04BF761B339A5F129;1702.


LaTeX Warning: There were multiply-defined labels.

Package atveryend Info: Empty hook `AtVeryVeryEnd' on input line 931.
 ) 
Here is how much of TeX's memory you used:
 26446 strings out of 494953
 550044 string characters out of 6180978
 839295 words of memory out of 5000000
 29083 multiletter control sequences out of 15000+600000
 18832 words of font info for 80 fonts, out of 8000000 for 9000
 14 hyphenation exceptions out of 8191
 62i,10n,56p,408b,453s stack positions out of 5000i,500n,10000p,200000b,80000s
{/usr/share/texmf/fonts/enc/dvips/lm/lm-rm.enc}</usr/share/texlive/texmf-dist
/fonts/type1/public/amsfonts/cm/cmbx10.pfb></usr/share/texlive/texmf-dist/fonts
/type1/public/amsfonts/cm/cmbx12.pfb></usr/share/texlive/texmf-dist/fonts/type1
/public/amsfonts/cm/cmr10.pfb></usr/share/texlive/texmf-dist/fonts/type1/public
/amsfonts/cm/cmsy10.pfb></usr/share/texmf/fonts/type1/public/lm/lmss17.pfb></us
r/share/texmf/fonts/type1/public/lm/lmssbx10.pfb>
Output written on rules.pdf (17 pages, 1116693 bytes).
PDF statistics:
 407 PDF objects out of 1000 (max. 8388607)
 271 compressed objects within 3 object streams
 98 named destinations out of 1000 (max. 500000)
 9731 words of extra memory for PDF output out of 10000 (max. 10000000)

