\BOOKMARK [1][-]{section.1}{Contents}{}% 1
\BOOKMARK [1][-]{section.2}{Summary}{}% 2
\BOOKMARK [1][-]{section.3}{Game preparation}{}% 3
\BOOKMARK [1][-]{section.4}{Player turn}{}% 4
\BOOKMARK [2][-]{subsection.4.1}{Harvest}{section.4}% 5
\BOOKMARK [3][-]{subsubsection.4.1.1}{Collect cubes}{subsection.4.1}% 6
\BOOKMARK [3][-]{subsubsection.4.1.2}{Check happiness}{subsection.4.1}% 7
\BOOKMARK [3][-]{subsubsection.4.1.3}{Convert cubes}{subsection.4.1}% 8
\BOOKMARK [3][-]{subsubsection.4.1.4}{Pay upkeep}{subsection.4.1}% 9
\BOOKMARK [2][-]{subsection.4.2}{Research}{section.4}% 10
\BOOKMARK [2][-]{subsection.4.3}{Recruit}{section.4}% 11
\BOOKMARK [2][-]{subsection.4.4}{Move}{section.4}% 12
\BOOKMARK [2][-]{subsection.4.5}{Explore}{section.4}% 13
\BOOKMARK [2][-]{subsection.4.6}{Build}{section.4}% 14
\BOOKMARK [2][-]{subsection.4.7}{Grow}{section.4}% 15
\BOOKMARK [1][-]{section.5}{Combat}{}% 16
\BOOKMARK [2][-]{subsection.5.1}{Legends}{section.5}% 17
\BOOKMARK [2][-]{subsection.5.2}{Spirit of Mars}{section.5}% 18
\BOOKMARK [2][-]{subsection.5.3}{Raid}{section.5}% 19
\BOOKMARK [1][-]{section.6}{End of the game}{}% 20
\BOOKMARK [1][-]{section.7}{Appendix: Game board}{}% 21
\BOOKMARK [1][-]{section.8}{Appendix: Player board}{}% 22
\BOOKMARK [1][-]{section.9}{Appendix: Technology tiles}{}% 23
\BOOKMARK [2][-]{subsection.9.1}{Green technologies}{section.9}% 24
\BOOKMARK [2][-]{subsection.9.2}{Blue technologies}{section.9}% 25
\BOOKMARK [2][-]{subsection.9.3}{Yellow technologies}{section.9}% 26
\BOOKMARK [2][-]{subsection.9.4}{Red technologies}{section.9}% 27
\BOOKMARK [1][-]{section.10}{Appendix: City improvement tiles}{}% 28
\BOOKMARK [1][-]{section.11}{Appendix: Wonder tiles}{}% 29
